12-May-2022 17:46:28.037 INFORMACIÓN [main] org.apache.catalina.startup.VersionLoggerListener.log Nombre de la versión del servidor: Apache Tomcat/10.0.20
12-May-2022 17:46:28.040 INFORMACIÓN [main] org.apache.catalina.startup.VersionLoggerListener.log Server built:                      Mar 31 2022 14:24:36 UTC
12-May-2022 17:46:28.040 INFORMACIÓN [main] org.apache.catalina.startup.VersionLoggerListener.log Número de versión de servidor:     10.0.20.0
12-May-2022 17:46:28.040 INFORMACIÓN [main] org.apache.catalina.startup.VersionLoggerListener.log OS Name:                           Windows 10
12-May-2022 17:46:28.040 INFORMACIÓN [main] org.apache.catalina.startup.VersionLoggerListener.log Versión de Systema Operativo:      10.0
12-May-2022 17:46:28.040 INFORMACIÓN [main] org.apache.catalina.startup.VersionLoggerListener.log Arquitectura:                      amd64
12-May-2022 17:46:28.040 INFORMACIÓN [main] org.apache.catalina.startup.VersionLoggerListener.log Java Home:                         C:\Program Files\Java\jdk1.8.0_202\jre
12-May-2022 17:46:28.040 INFORMACIÓN [main] org.apache.catalina.startup.VersionLoggerListener.log JVM Version:                       1.8.0_202-b08
12-May-2022 17:46:28.040 INFORMACIÓN [main] org.apache.catalina.startup.VersionLoggerListener.log Vededor JVM:                       Oracle Corporation
12-May-2022 17:46:28.040 INFORMACIÓN [main] org.apache.catalina.startup.VersionLoggerListener.log CATALINA_BASE:                     C:\Users\aaguirrem\Desktop\proyectoCoffea\apache-tomcat-10.0.20
12-May-2022 17:46:28.040 INFORMACIÓN [main] org.apache.catalina.startup.VersionLoggerListener.log CATALINA_HOME:                     C:\Users\aaguirrem\Desktop\proyectoCoffea\apache-tomcat-10.0.20
12-May-2022 17:46:28.045 INFORMACIÓN [main] org.apache.catalina.startup.VersionLoggerListener.log Command line argument:             -Djava.util.logging.config.file=C:\Users\aaguirrem\Desktop\proyectoCoffea\apache-tomcat-10.0.20\conf\logging.properties
12-May-2022 17:46:28.045 INFORMACIÓN [main] org.apache.catalina.startup.VersionLoggerListener.log Command line argument:             -Djava.util.logging.manager=org.apache.juli.ClassLoaderLogManager
12-May-2022 17:46:28.045 INFORMACIÓN [main] org.apache.catalina.startup.VersionLoggerListener.log Command line argument:             -Dhttp.nonProxyHosts=localhost|127.0.0.1|HL-017144
12-May-2022 17:46:28.045 INFORMACIÓN [main] org.apache.catalina.startup.VersionLoggerListener.log Command line argument:             -Djdk.tls.ephemeralDHKeySize=2048
12-May-2022 17:46:28.045 INFORMACIÓN [main] org.apache.catalina.startup.VersionLoggerListener.log Command line argument:             -Djava.protocol.handler.pkgs=org.apache.catalina.webresources
12-May-2022 17:46:28.045 INFORMACIÓN [main] org.apache.catalina.startup.VersionLoggerListener.log Command line argument:             -Dignore.endorsed.dirs=
12-May-2022 17:46:28.045 INFORMACIÓN [main] org.apache.catalina.startup.VersionLoggerListener.log Command line argument:             -Dcatalina.base=C:\Users\aaguirrem\Desktop\proyectoCoffea\apache-tomcat-10.0.20
12-May-2022 17:46:28.045 INFORMACIÓN [main] org.apache.catalina.startup.VersionLoggerListener.log Command line argument:             -Dcatalina.home=C:\Users\aaguirrem\Desktop\proyectoCoffea\apache-tomcat-10.0.20
12-May-2022 17:46:28.045 INFORMACIÓN [main] org.apache.catalina.startup.VersionLoggerListener.log Command line argument:             -Djava.io.tmpdir=C:\Users\aaguirrem\Desktop\proyectoCoffea\apache-tomcat-10.0.20\temp
12-May-2022 17:46:28.048 INFORMACIÓN [main] org.apache.catalina.core.AprLifecycleListener.lifecycleEvent La biblioteca nativa de Apache Tomcat basada en ARP que permite un rendimiento óptimo en entornos de desarrollo no ha sido hallada en java.library.path: [C:\Program Files\Java\jdk1.8.0_202\bin;C:\Windows\Sun\Java\bin;C:\Windows\system32;C:\Windows;C:\Program Files (x86)\Common Files\Oracle\Java\javapath;C:\Program Files\Eclipse Adoptium\jdk-8.0.322.6-hotspot\bin;C:\Python310\Scripts\;C:\Python310\;C:\Windows\system32;C:\Windows;C:\Windows\System32\Wbem;C:\Windows\System32\WindowsPowerShell\v1.0\;C:\Windows\System32\OpenSSH\;C:\Program Files\dotnet\;C:\Program Files\Microsoft SQL Server\Client SDK\ODBC\170\Tools\Binn\;C:\Program Files\Microsoft SQL Server\150\Tools\Binn\;C:\ProgramData\chocolatey\bin;C:\Program Files\Git\cmd;C:\Program Files\nodejs\;C:\Users\aaguirrem\AppData\Local\Microsoft\WindowsApps;C:\Users\aaguirrem\.dotnet\tools;C:\Users\aaguirrem\AppData\Local\Programs\Microsoft VS Code\bin;C:\Program Files (x86)\Sophos\Sophos SSL VPN Client\bin;C:\Users\aaguirrem\AppData\Roaming\npm;.]
12-May-2022 17:46:28.438 INFORMACIÓN [main] org.apache.coyote.AbstractProtocol.init Inicializando el manejador de protocolo ["http-nio-8081"]

12-May-2022 17:46:28.461 INFORMACIÓN [main] org.apache.catalina.startup.Catalina.load Server initialization in [644] milliseconds
12-May-2022 17:46:28.507 INFORMACIÓN [main] org.apache.catalina.core.StandardService.startInternal Arrancando servicio [Catalina]
12-May-2022 17:46:28.507 INFORMACIÓN [main] org.apache.catalina.core.StandardEngine.startInternal Starting Servlet engine: [Apache Tomcat/10.0.20]
12-May-2022 17:46:28.523 INFORMACIÓN [main] org.apache.catalina.startup.HostConfig.deployDirectory Desplegando el directorio [C:\Users\aaguirrem\Desktop\proyectoCoffea\apache-tomcat-10.0.20\webapps\docs] de la aplicación web
12-May-2022 17:46:28.983 ADVERTENCIA [main] org.apache.catalina.util.SessionIdGeneratorBase.createSecureRandom Creation of SecureRandom instance for session ID generation using [SHA1PRNG] took [219] milliseconds.
12-May-2022 17:46:29.027 INFORMACIÓN [main] org.apache.catalina.startup.HostConfig.deployDirectory Deployment of web application directory [C:\Users\aaguirrem\Desktop\proyectoCoffea\apache-tomcat-10.0.20\webapps\docs] has finished in [503] ms
12-May-2022 17:46:29.027 INFORMACIÓN [main] org.apache.catalina.startup.HostConfig.deployDirectory Desplegando el directorio [C:\Users\aaguirrem\Desktop\proyectoCoffea\apache-tomcat-10.0.20\webapps\examples] de la aplicación web
12-May-2022 17:46:29.493 INFORMACIÓN [main] org.apache.catalina.startup.HostConfig.deployDirectory Deployment of web application directory [C:\Users\aaguirrem\Desktop\proyectoCoffea\apache-tomcat-10.0.20\webapps\examples] has finished in [466] ms
12-May-2022 17:46:29.493 INFORMACIÓN [main] org.apache.catalina.startup.HostConfig.deployDirectory Desplegando el directorio [C:\Users\aaguirrem\Desktop\proyectoCoffea\apache-tomcat-10.0.20\webapps\host-manager] de la aplicación web
12-May-2022 17:46:29.509 INFORMACIÓN [main] org.apache.catalina.startup.HostConfig.deployDirectory Deployment of web application directory [C:\Users\aaguirrem\Desktop\proyectoCoffea\apache-tomcat-10.0.20\webapps\host-manager] has finished in [16] ms
12-May-2022 17:46:29.509 INFORMACIÓN [main] org.apache.catalina.startup.HostConfig.deployDirectory Desplegando el directorio [C:\Users\aaguirrem\Desktop\proyectoCoffea\apache-tomcat-10.0.20\webapps\manager] de la aplicación web
12-May-2022 17:46:29.540 INFORMACIÓN [main] org.apache.catalina.startup.HostConfig.deployDirectory Deployment of web application directory [C:\Users\aaguirrem\Desktop\proyectoCoffea\apache-tomcat-10.0.20\webapps\manager] has finished in [31] ms
12-May-2022 17:46:29.540 INFORMACIÓN [main] org.apache.catalina.startup.HostConfig.deployDirectory Desplegando el directorio [C:\Users\aaguirrem\Desktop\proyectoCoffea\apache-tomcat-10.0.20\webapps\ROOT] de la aplicación web
12-May-2022 17:46:29.574 INFORMACIÓN [main] org.apache.catalina.startup.HostConfig.deployDirectory Deployment of web application directory [C:\Users\aaguirrem\Desktop\proyectoCoffea\apache-tomcat-10.0.20\webapps\ROOT] has finished in [34] ms
12-May-2022 17:46:29.574 INFORMACIÓN [main] org.apache.coyote.AbstractProtocol.start Starting ProtocolHandler ["http-nio-8081"]
12-May-2022 17:46:29.589 INFORMACIÓN [main] org.apache.catalina.startup.Catalina.start Server startup in [1127] milliseconds
12-May-2022 17:46:36.717 INFORMACIÓN [http-nio-8081-exec-10] org.apache.catalina.startup.HostConfig.deployDescriptor Desplieque del descriptor de configuración [C:\Users\aaguirrem\Desktop\proyectoCoffea\apache-tomcat-10.0.20\conf\Catalina\localhost\coffea.xml]
12-May-2022 17:46:36.717 ADVERTENCIA [http-nio-8081-exec-10] org.apache.catalina.startup.HostConfig.deployDescriptor The path attribute with value [/coffea] in deployment descriptor [C:\Users\aaguirrem\Desktop\proyectoCoffea\apache-tomcat-10.0.20\conf\Catalina\localhost\coffea.xml] has been ignored
12-May-2022 17:46:37.239 INFORMACIÓN [http-nio-8081-exec-10] org.apache.jasper.servlet.TldScanner.scanJars Al menos un JAR, que se ha explorado buscando TLDs, aún no contenía TLDs. Activar historial de depuración para este historiador para una completa lista de los JARs que fueron explorados y de los que nos se halló TLDs. Saltarse JARs no necesarios durante la exploración puede dar lugar a una mejora de tiempo significativa en el arranque y compilación de JSP .
12-May-2022 17:46:37.239 INFORMACIÓN [http-nio-8081-exec-10] org.apache.catalina.startup.HostConfig.deployDescriptor Deployment of deployment descriptor [C:\Users\aaguirrem\Desktop\proyectoCoffea\apache-tomcat-10.0.20\conf\Catalina\localhost\coffea.xml] has finished in [522] ms
12-May-2022 17:46:37.255 INFORMACIÓN [http-nio-8081-exec-9] org.apache.catalina.util.LifecycleBase.start The start() method was called on component [StandardEngine[Catalina].StandardHost[localhost].StandardContext[/coffea]] after start() had already been called. The second call will be ignored.
12-May-2022 17:46:48.868 INFORMACIÓN [http-nio-8081-exec-4] org.apache.catalina.startup.HostConfig.undeploy Repliegue (undeploy) de la aplicación web que tiene como trayectoria de contexto [/coffea]
12-May-2022 17:46:48.889 INFORMACIÓN [http-nio-8081-exec-9] org.apache.catalina.startup.HostConfig.deployDescriptor Desplieque del descriptor de configuración [C:\Users\aaguirrem\Desktop\proyectoCoffea\apache-tomcat-10.0.20\conf\Catalina\localhost\coffea.xml]
12-May-2022 17:46:48.890 ADVERTENCIA [http-nio-8081-exec-9] org.apache.catalina.startup.HostConfig.deployDescriptor The path attribute with value [/coffea] in deployment descriptor [C:\Users\aaguirrem\Desktop\proyectoCoffea\apache-tomcat-10.0.20\conf\Catalina\localhost\coffea.xml] has been ignored
12-May-2022 17:46:49.362 INFORMACIÓN [http-nio-8081-exec-9] org.apache.jasper.servlet.TldScanner.scanJars Al menos un JAR, que se ha explorado buscando TLDs, aún no contenía TLDs. Activar historial de depuración para este historiador para una completa lista de los JARs que fueron explorados y de los que nos se halló TLDs. Saltarse JARs no necesarios durante la exploración puede dar lugar a una mejora de tiempo significativa en el arranque y compilación de JSP .
12-May-2022 17:46:49.369 INFORMACIÓN [http-nio-8081-exec-9] org.apache.catalina.startup.HostConfig.deployDescriptor Deployment of deployment descriptor [C:\Users\aaguirrem\Desktop\proyectoCoffea\apache-tomcat-10.0.20\conf\Catalina\localhost\coffea.xml] has finished in [480] ms
12-May-2022 17:46:49.369 INFORMACIÓN [http-nio-8081-exec-6] org.apache.catalina.util.LifecycleBase.start The start() method was called on component [StandardEngine[Catalina].StandardHost[localhost].StandardContext[/coffea]] after start() had already been called. The second call will be ignored.
12-May-2022 17:50:23.229 INFORMACIÓN [main] org.apache.catalina.core.StandardServer.await Se ha recibido un comando de apagado a través del puerto de apagado. Parando la instancia del Servidor.
12-May-2022 17:50:23.236 INFORMACIÓN [main] org.apache.coyote.AbstractProtocol.pause Pausing ProtocolHandler ["http-nio-8081"]
12-May-2022 17:50:23.452 INFORMACIÓN [main] org.apache.catalina.core.StandardService.stopInternal Parando servicio [Catalina]
12-May-2022 17:50:23.638 ADVERTENCIA [main] org.apache.catalina.loader.WebappClassLoaderBase.clearReferencesJdbc La aplicación web [coffea] registró el conductor JDBC [oracle.jdbc.OracleDriver] pero falló al anular el registro mientras la aplicación web estaba parada. Para prevenir un fallo de memoria, se ha anulado el registro del conductor JDBC por la fuerza.
12-May-2022 17:50:23.642 INFORMACIÓN [main] org.apache.coyote.AbstractProtocol.stop Stopping ProtocolHandler ["http-nio-8081"]
12-May-2022 17:50:23.660 INFORMACIÓN [main] org.apache.coyote.AbstractProtocol.destroy Destroying ProtocolHandler ["http-nio-8081"]
12-May-2022 17:51:43.229 INFORMACIÓN [main] org.apache.catalina.startup.VersionLoggerListener.log Nombre de la versión del servidor: Apache Tomcat/10.0.20
12-May-2022 17:51:43.231 INFORMACIÓN [main] org.apache.catalina.startup.VersionLoggerListener.log Server built:                      Mar 31 2022 14:24:36 UTC
12-May-2022 17:51:43.231 INFORMACIÓN [main] org.apache.catalina.startup.VersionLoggerListener.log Número de versión de servidor:     10.0.20.0
12-May-2022 17:51:43.231 INFORMACIÓN [main] org.apache.catalina.startup.VersionLoggerListener.log OS Name:                           Windows 10
12-May-2022 17:51:43.231 INFORMACIÓN [main] org.apache.catalina.startup.VersionLoggerListener.log Versión de Systema Operativo:      10.0
12-May-2022 17:51:43.231 INFORMACIÓN [main] org.apache.catalina.startup.VersionLoggerListener.log Arquitectura:                      amd64
12-May-2022 17:51:43.231 INFORMACIÓN [main] org.apache.catalina.startup.VersionLoggerListener.log Java Home:                         C:\Program Files\Java\jdk1.8.0_202\jre
12-May-2022 17:51:43.231 INFORMACIÓN [main] org.apache.catalina.startup.VersionLoggerListener.log JVM Version:                       1.8.0_202-b08
12-May-2022 17:51:43.231 INFORMACIÓN [main] org.apache.catalina.startup.VersionLoggerListener.log Vededor JVM:                       Oracle Corporation
12-May-2022 17:51:43.231 INFORMACIÓN [main] org.apache.catalina.startup.VersionLoggerListener.log CATALINA_BASE:                     C:\Users\aaguirrem\Desktop\proyectoCoffea\apache-tomcat-10.0.20
12-May-2022 17:51:43.232 INFORMACIÓN [main] org.apache.catalina.startup.VersionLoggerListener.log CATALINA_HOME:                     C:\Users\aaguirrem\Desktop\proyectoCoffea\apache-tomcat-10.0.20
12-May-2022 17:51:43.232 INFORMACIÓN [main] org.apache.catalina.startup.VersionLoggerListener.log Command line argument:             -Djava.util.logging.config.file=C:\Users\aaguirrem\Desktop\proyectoCoffea\apache-tomcat-10.0.20\conf\logging.properties
12-May-2022 17:51:43.232 INFORMACIÓN [main] org.apache.catalina.startup.VersionLoggerListener.log Command line argument:             -Djava.util.logging.manager=org.apache.juli.ClassLoaderLogManager
12-May-2022 17:51:43.232 INFORMACIÓN [main] org.apache.catalina.startup.VersionLoggerListener.log Command line argument:             -Dhttp.nonProxyHosts=localhost|127.0.0.1|HL-017144
12-May-2022 17:51:43.232 INFORMACIÓN [main] org.apache.catalina.startup.VersionLoggerListener.log Command line argument:             -Djdk.tls.ephemeralDHKeySize=2048
12-May-2022 17:51:43.232 INFORMACIÓN [main] org.apache.catalina.startup.VersionLoggerListener.log Command line argument:             -Djava.protocol.handler.pkgs=org.apache.catalina.webresources
12-May-2022 17:51:43.232 INFORMACIÓN [main] org.apache.catalina.startup.VersionLoggerListener.log Command line argument:             -Dignore.endorsed.dirs=
12-May-2022 17:51:43.232 INFORMACIÓN [main] org.apache.catalina.startup.VersionLoggerListener.log Command line argument:             -Dcatalina.base=C:\Users\aaguirrem\Desktop\proyectoCoffea\apache-tomcat-10.0.20
12-May-2022 17:51:43.232 INFORMACIÓN [main] org.apache.catalina.startup.VersionLoggerListener.log Command line argument:             -Dcatalina.home=C:\Users\aaguirrem\Desktop\proyectoCoffea\apache-tomcat-10.0.20
12-May-2022 17:51:43.232 INFORMACIÓN [main] org.apache.catalina.startup.VersionLoggerListener.log Command line argument:             -Djava.io.tmpdir=C:\Users\aaguirrem\Desktop\proyectoCoffea\apache-tomcat-10.0.20\temp
12-May-2022 17:51:43.238 INFORMACIÓN [main] org.apache.catalina.core.AprLifecycleListener.lifecycleEvent La biblioteca nativa de Apache Tomcat basada en ARP que permite un rendimiento óptimo en entornos de desarrollo no ha sido hallada en java.library.path: [C:\Program Files\Java\jdk1.8.0_202\bin;C:\Windows\Sun\Java\bin;C:\Windows\system32;C:\Windows;C:\Program Files (x86)\Common Files\Oracle\Java\javapath;C:\Program Files\Eclipse Adoptium\jdk-8.0.322.6-hotspot\bin;C:\Python310\Scripts\;C:\Python310\;C:\Windows\system32;C:\Windows;C:\Windows\System32\Wbem;C:\Windows\System32\WindowsPowerShell\v1.0\;C:\Windows\System32\OpenSSH\;C:\Program Files\dotnet\;C:\Program Files\Microsoft SQL Server\Client SDK\ODBC\170\Tools\Binn\;C:\Program Files\Microsoft SQL Server\150\Tools\Binn\;C:\ProgramData\chocolatey\bin;C:\Program Files\Git\cmd;C:\Program Files\nodejs\;C:\Users\aaguirrem\AppData\Local\Microsoft\WindowsApps;C:\Users\aaguirrem\.dotnet\tools;C:\Users\aaguirrem\AppData\Local\Programs\Microsoft VS Code\bin;C:\Program Files (x86)\Sophos\Sophos SSL VPN Client\bin;C:\Users\aaguirrem\AppData\Roaming\npm;.]
12-May-2022 17:51:43.527 INFORMACIÓN [main] org.apache.coyote.AbstractProtocol.init Inicializando el manejador de protocolo ["http-nio-8081"]

12-May-2022 17:51:43.548 INFORMACIÓN [main] org.apache.catalina.startup.Catalina.load Server initialization in [470] milliseconds
12-May-2022 17:51:43.576 INFORMACIÓN [main] org.apache.catalina.core.StandardService.startInternal Arrancando servicio [Catalina]
12-May-2022 17:51:43.576 INFORMACIÓN [main] org.apache.catalina.core.StandardEngine.startInternal Starting Servlet engine: [Apache Tomcat/10.0.20]
12-May-2022 17:51:43.585 INFORMACIÓN [main] org.apache.catalina.startup.HostConfig.deployDescriptor Desplieque del descriptor de configuración [C:\Users\aaguirrem\Desktop\proyectoCoffea\apache-tomcat-10.0.20\conf\Catalina\localhost\coffea.xml]
12-May-2022 17:51:43.605 ADVERTENCIA [main] org.apache.catalina.startup.HostConfig.deployDescriptor The path attribute with value [/coffea] in deployment descriptor [C:\Users\aaguirrem\Desktop\proyectoCoffea\apache-tomcat-10.0.20\conf\Catalina\localhost\coffea.xml] has been ignored
12-May-2022 17:51:44.270 INFORMACIÓN [main] org.apache.jasper.servlet.TldScanner.scanJars Al menos un JAR, que se ha explorado buscando TLDs, aún no contenía TLDs. Activar historial de depuración para este historiador para una completa lista de los JARs que fueron explorados y de los que nos se halló TLDs. Saltarse JARs no necesarios durante la exploración puede dar lugar a una mejora de tiempo significativa en el arranque y compilación de JSP .
12-May-2022 17:51:44.523 ADVERTENCIA [main] org.apache.catalina.util.SessionIdGeneratorBase.createSecureRandom Creation of SecureRandom instance for session ID generation using [SHA1PRNG] took [215] milliseconds.
12-May-2022 17:51:44.539 INFORMACIÓN [main] org.apache.catalina.startup.HostConfig.deployDescriptor Deployment of deployment descriptor [C:\Users\aaguirrem\Desktop\proyectoCoffea\apache-tomcat-10.0.20\conf\Catalina\localhost\coffea.xml] has finished in [954] ms
12-May-2022 17:51:44.539 INFORMACIÓN [main] org.apache.catalina.startup.HostConfig.deployDirectory Desplegando el directorio [C:\Users\aaguirrem\Desktop\proyectoCoffea\apache-tomcat-10.0.20\webapps\docs] de la aplicación web
12-May-2022 17:51:44.557 INFORMACIÓN [main] org.apache.catalina.startup.HostConfig.deployDirectory Deployment of web application directory [C:\Users\aaguirrem\Desktop\proyectoCoffea\apache-tomcat-10.0.20\webapps\docs] has finished in [18] ms
12-May-2022 17:51:44.557 INFORMACIÓN [main] org.apache.catalina.startup.HostConfig.deployDirectory Desplegando el directorio [C:\Users\aaguirrem\Desktop\proyectoCoffea\apache-tomcat-10.0.20\webapps\examples] de la aplicación web
12-May-2022 17:51:44.833 INFORMACIÓN [main] org.apache.catalina.startup.HostConfig.deployDirectory Deployment of web application directory [C:\Users\aaguirrem\Desktop\proyectoCoffea\apache-tomcat-10.0.20\webapps\examples] has finished in [276] ms
12-May-2022 17:51:44.833 INFORMACIÓN [main] org.apache.catalina.startup.HostConfig.deployDirectory Desplegando el directorio [C:\Users\aaguirrem\Desktop\proyectoCoffea\apache-tomcat-10.0.20\webapps\host-manager] de la aplicación web
12-May-2022 17:51:44.863 INFORMACIÓN [main] org.apache.catalina.startup.HostConfig.deployDirectory Deployment of web application directory [C:\Users\aaguirrem\Desktop\proyectoCoffea\apache-tomcat-10.0.20\webapps\host-manager] has finished in [30] ms
12-May-2022 17:51:44.863 INFORMACIÓN [main] org.apache.catalina.startup.HostConfig.deployDirectory Desplegando el directorio [C:\Users\aaguirrem\Desktop\proyectoCoffea\apache-tomcat-10.0.20\webapps\manager] de la aplicación web
12-May-2022 17:51:44.890 INFORMACIÓN [main] org.apache.catalina.startup.HostConfig.deployDirectory Deployment of web application directory [C:\Users\aaguirrem\Desktop\proyectoCoffea\apache-tomcat-10.0.20\webapps\manager] has finished in [27] ms
12-May-2022 17:51:44.890 INFORMACIÓN [main] org.apache.catalina.startup.HostConfig.deployDirectory Desplegando el directorio [C:\Users\aaguirrem\Desktop\proyectoCoffea\apache-tomcat-10.0.20\webapps\ROOT] de la aplicación web
12-May-2022 17:51:44.912 INFORMACIÓN [main] org.apache.catalina.startup.HostConfig.deployDirectory Deployment of web application directory [C:\Users\aaguirrem\Desktop\proyectoCoffea\apache-tomcat-10.0.20\webapps\ROOT] has finished in [22] ms
12-May-2022 17:51:44.914 INFORMACIÓN [main] org.apache.coyote.AbstractProtocol.start Starting ProtocolHandler ["http-nio-8081"]
12-May-2022 17:51:44.928 INFORMACIÓN [main] org.apache.catalina.startup.Catalina.start Server startup in [1380] milliseconds
12-May-2022 17:51:50.919 INFORMACIÓN [http-nio-8081-exec-10] org.apache.catalina.startup.HostConfig.undeploy Repliegue (undeploy) de la aplicación web que tiene como trayectoria de contexto [/coffea]
12-May-2022 17:51:50.935 INFORMACIÓN [http-nio-8081-exec-9] org.apache.catalina.startup.HostConfig.deployDescriptor Desplieque del descriptor de configuración [C:\Users\aaguirrem\Desktop\proyectoCoffea\apache-tomcat-10.0.20\conf\Catalina\localhost\coffea.xml]
12-May-2022 17:51:50.935 ADVERTENCIA [http-nio-8081-exec-9] org.apache.catalina.startup.HostConfig.deployDescriptor The path attribute with value [/coffea] in deployment descriptor [C:\Users\aaguirrem\Desktop\proyectoCoffea\apache-tomcat-10.0.20\conf\Catalina\localhost\coffea.xml] has been ignored
12-May-2022 17:51:51.382 INFORMACIÓN [http-nio-8081-exec-9] org.apache.jasper.servlet.TldScanner.scanJars Al menos un JAR, que se ha explorado buscando TLDs, aún no contenía TLDs. Activar historial de depuración para este historiador para una completa lista de los JARs que fueron explorados y de los que nos se halló TLDs. Saltarse JARs no necesarios durante la exploración puede dar lugar a una mejora de tiempo significativa en el arranque y compilación de JSP .
12-May-2022 17:51:51.382 INFORMACIÓN [http-nio-8081-exec-9] org.apache.catalina.startup.HostConfig.deployDescriptor Deployment of deployment descriptor [C:\Users\aaguirrem\Desktop\proyectoCoffea\apache-tomcat-10.0.20\conf\Catalina\localhost\coffea.xml] has finished in [447] ms
12-May-2022 17:51:51.382 INFORMACIÓN [http-nio-8081-exec-5] org.apache.catalina.util.LifecycleBase.start The start() method was called on component [StandardEngine[Catalina].StandardHost[localhost].StandardContext[/coffea]] after start() had already been called. The second call will be ignored.
12-May-2022 17:55:50.367 INFORMACIÓN [http-nio-8081-exec-12] org.apache.catalina.core.StandardContext.reload Ha comenzado la recarga de Contexto [/coffea]
12-May-2022 17:55:50.576 ADVERTENCIA [http-nio-8081-exec-12] org.apache.catalina.loader.WebappClassLoaderBase.clearReferencesJdbc La aplicación web [coffea] registró el conductor JDBC [oracle.jdbc.OracleDriver] pero falló al anular el registro mientras la aplicación web estaba parada. Para prevenir un fallo de memoria, se ha anulado el registro del conductor JDBC por la fuerza.
12-May-2022 17:55:51.205 INFORMACIÓN [http-nio-8081-exec-12] org.apache.jasper.servlet.TldScanner.scanJars Al menos un JAR, que se ha explorado buscando TLDs, aún no contenía TLDs. Activar historial de depuración para este historiador para una completa lista de los JARs que fueron explorados y de los que nos se halló TLDs. Saltarse JARs no necesarios durante la exploración puede dar lugar a una mejora de tiempo significativa en el arranque y compilación de JSP .
12-May-2022 17:55:51.214 INFORMACIÓN [http-nio-8081-exec-12] org.apache.catalina.core.StandardContext.reload Se ha completado la recarga de este Contexto
12-May-2022 17:55:52.608 INFORMACIÓN [http-nio-8081-exec-19] org.apache.catalina.core.StandardContext.reload Ha comenzado la recarga de Contexto [/coffea]
12-May-2022 17:55:53.124 INFORMACIÓN [http-nio-8081-exec-19] org.apache.jasper.servlet.TldScanner.scanJars Al menos un JAR, que se ha explorado buscando TLDs, aún no contenía TLDs. Activar historial de depuración para este historiador para una completa lista de los JARs que fueron explorados y de los que nos se halló TLDs. Saltarse JARs no necesarios durante la exploración puede dar lugar a una mejora de tiempo significativa en el arranque y compilación de JSP .
12-May-2022 17:55:53.126 INFORMACIÓN [http-nio-8081-exec-19] org.apache.catalina.core.StandardContext.reload Se ha completado la recarga de este Contexto
12-May-2022 17:56:02.257 INFORMACIÓN [http-nio-8081-exec-15] org.apache.catalina.core.StandardContext.reload Ha comenzado la recarga de Contexto [/coffea]
12-May-2022 17:56:02.862 INFORMACIÓN [http-nio-8081-exec-15] org.apache.jasper.servlet.TldScanner.scanJars Al menos un JAR, que se ha explorado buscando TLDs, aún no contenía TLDs. Activar historial de depuración para este historiador para una completa lista de los JARs que fueron explorados y de los que nos se halló TLDs. Saltarse JARs no necesarios durante la exploración puede dar lugar a una mejora de tiempo significativa en el arranque y compilación de JSP .
12-May-2022 17:56:02.864 INFORMACIÓN [http-nio-8081-exec-15] org.apache.catalina.core.StandardContext.reload Se ha completado la recarga de este Contexto
12-May-2022 17:56:11.996 INFORMACIÓN [http-nio-8081-exec-18] org.apache.catalina.core.StandardContext.reload Ha comenzado la recarga de Contexto [/coffea]
12-May-2022 17:56:12.431 INFORMACIÓN [http-nio-8081-exec-18] org.apache.jasper.servlet.TldScanner.scanJars Al menos un JAR, que se ha explorado buscando TLDs, aún no contenía TLDs. Activar historial de depuración para este historiador para una completa lista de los JARs que fueron explorados y de los que nos se halló TLDs. Saltarse JARs no necesarios durante la exploración puede dar lugar a una mejora de tiempo significativa en el arranque y compilación de JSP .
12-May-2022 17:56:12.433 INFORMACIÓN [http-nio-8081-exec-18] org.apache.catalina.core.StandardContext.reload Se ha completado la recarga de este Contexto
12-May-2022 17:56:32.370 INFORMACIÓN [http-nio-8081-exec-15] org.apache.catalina.core.StandardContext.reload Ha comenzado la recarga de Contexto [/coffea]
12-May-2022 17:56:32.886 INFORMACIÓN [http-nio-8081-exec-15] org.apache.jasper.servlet.TldScanner.scanJars Al menos un JAR, que se ha explorado buscando TLDs, aún no contenía TLDs. Activar historial de depuración para este historiador para una completa lista de los JARs que fueron explorados y de los que nos se halló TLDs. Saltarse JARs no necesarios durante la exploración puede dar lugar a una mejora de tiempo significativa en el arranque y compilación de JSP .
12-May-2022 17:56:32.889 INFORMACIÓN [http-nio-8081-exec-15] org.apache.catalina.core.StandardContext.reload Se ha completado la recarga de este Contexto
12-May-2022 17:57:30.710 ADVERTENCIA [http-nio-8081-exec-27] org.apache.catalina.loader.WebappClassLoaderBase.clearReferencesJdbc La aplicación web [coffea] registró el conductor JDBC [oracle.jdbc.OracleDriver] pero falló al anular el registro mientras la aplicación web estaba parada. Para prevenir un fallo de memoria, se ha anulado el registro del conductor JDBC por la fuerza.
12-May-2022 17:57:31.213 INFORMACIÓN [http-nio-8081-exec-27] org.apache.catalina.startup.HostConfig.undeploy Repliegue (undeploy) de la aplicación web que tiene como trayectoria de contexto [/coffea]
12-May-2022 17:57:31.219 INFORMACIÓN [http-nio-8081-exec-16] org.apache.catalina.startup.HostConfig.deployDescriptor Desplieque del descriptor de configuración [C:\Users\aaguirrem\Desktop\proyectoCoffea\apache-tomcat-10.0.20\conf\Catalina\localhost\coffea.xml]
12-May-2022 17:57:31.219 ADVERTENCIA [http-nio-8081-exec-16] org.apache.catalina.startup.HostConfig.deployDescriptor The path attribute with value [/coffea] in deployment descriptor [C:\Users\aaguirrem\Desktop\proyectoCoffea\apache-tomcat-10.0.20\conf\Catalina\localhost\coffea.xml] has been ignored
12-May-2022 17:57:31.635 INFORMACIÓN [http-nio-8081-exec-16] org.apache.jasper.servlet.TldScanner.scanJars Al menos un JAR, que se ha explorado buscando TLDs, aún no contenía TLDs. Activar historial de depuración para este historiador para una completa lista de los JARs que fueron explorados y de los que nos se halló TLDs. Saltarse JARs no necesarios durante la exploración puede dar lugar a una mejora de tiempo significativa en el arranque y compilación de JSP .
12-May-2022 17:57:31.635 INFORMACIÓN [http-nio-8081-exec-16] org.apache.catalina.startup.HostConfig.deployDescriptor Deployment of deployment descriptor [C:\Users\aaguirrem\Desktop\proyectoCoffea\apache-tomcat-10.0.20\conf\Catalina\localhost\coffea.xml] has finished in [416] ms
12-May-2022 17:57:31.635 INFORMACIÓN [http-nio-8081-exec-23] org.apache.catalina.util.LifecycleBase.start The start() method was called on component [StandardEngine[Catalina].StandardHost[localhost].StandardContext[/coffea]] after start() had already been called. The second call will be ignored.
12-May-2022 18:01:58.328 INFORMACIÓN [http-nio-8081-exec-31] org.apache.catalina.core.StandardContext.reload Ha comenzado la recarga de Contexto [/coffea]
12-May-2022 18:01:58.472 ADVERTENCIA [http-nio-8081-exec-31] org.apache.catalina.loader.WebappClassLoaderBase.clearReferencesJdbc La aplicación web [coffea] registró el conductor JDBC [oracle.jdbc.OracleDriver] pero falló al anular el registro mientras la aplicación web estaba parada. Para prevenir un fallo de memoria, se ha anulado el registro del conductor JDBC por la fuerza.
12-May-2022 18:01:58.952 INFORMACIÓN [http-nio-8081-exec-31] org.apache.jasper.servlet.TldScanner.scanJars Al menos un JAR, que se ha explorado buscando TLDs, aún no contenía TLDs. Activar historial de depuración para este historiador para una completa lista de los JARs que fueron explorados y de los que nos se halló TLDs. Saltarse JARs no necesarios durante la exploración puede dar lugar a una mejora de tiempo significativa en el arranque y compilación de JSP .
12-May-2022 18:01:58.954 INFORMACIÓN [http-nio-8081-exec-31] org.apache.catalina.core.StandardContext.reload Se ha completado la recarga de este Contexto
12-May-2022 18:01:59.554 INFORMACIÓN [http-nio-8081-exec-37] org.apache.catalina.core.StandardContext.reload Ha comenzado la recarga de Contexto [/coffea]
12-May-2022 18:01:59.968 INFORMACIÓN [http-nio-8081-exec-37] org.apache.jasper.servlet.TldScanner.scanJars Al menos un JAR, que se ha explorado buscando TLDs, aún no contenía TLDs. Activar historial de depuración para este historiador para una completa lista de los JARs que fueron explorados y de los que nos se halló TLDs. Saltarse JARs no necesarios durante la exploración puede dar lugar a una mejora de tiempo significativa en el arranque y compilación de JSP .
12-May-2022 18:01:59.970 INFORMACIÓN [http-nio-8081-exec-37] org.apache.catalina.core.StandardContext.reload Se ha completado la recarga de este Contexto
12-May-2022 18:02:06.088 INFORMACIÓN [http-nio-8081-exec-33] org.apache.catalina.core.StandardContext.reload Ha comenzado la recarga de Contexto [/coffea]
12-May-2022 18:02:06.525 INFORMACIÓN [http-nio-8081-exec-33] org.apache.jasper.servlet.TldScanner.scanJars Al menos un JAR, que se ha explorado buscando TLDs, aún no contenía TLDs. Activar historial de depuración para este historiador para una completa lista de los JARs que fueron explorados y de los que nos se halló TLDs. Saltarse JARs no necesarios durante la exploración puede dar lugar a una mejora de tiempo significativa en el arranque y compilación de JSP .
12-May-2022 18:02:06.527 INFORMACIÓN [http-nio-8081-exec-33] org.apache.catalina.core.StandardContext.reload Se ha completado la recarga de este Contexto
12-May-2022 18:04:22.021 INFORMACIÓN [http-nio-8081-exec-30] org.apache.catalina.core.StandardContext.reload Ha comenzado la recarga de Contexto [/coffea]
12-May-2022 18:04:22.457 INFORMACIÓN [http-nio-8081-exec-30] org.apache.jasper.servlet.TldScanner.scanJars Al menos un JAR, que se ha explorado buscando TLDs, aún no contenía TLDs. Activar historial de depuración para este historiador para una completa lista de los JARs que fueron explorados y de los que nos se halló TLDs. Saltarse JARs no necesarios durante la exploración puede dar lugar a una mejora de tiempo significativa en el arranque y compilación de JSP .
12-May-2022 18:04:22.458 INFORMACIÓN [http-nio-8081-exec-30] org.apache.catalina.core.StandardContext.reload Se ha completado la recarga de este Contexto
12-May-2022 18:12:49.942 ADVERTENCIA [http-nio-8081-exec-51] org.apache.catalina.loader.WebappClassLoaderBase.clearReferencesJdbc La aplicación web [coffea] registró el conductor JDBC [oracle.jdbc.OracleDriver] pero falló al anular el registro mientras la aplicación web estaba parada. Para prevenir un fallo de memoria, se ha anulado el registro del conductor JDBC por la fuerza.
12-May-2022 18:12:50.451 INFORMACIÓN [http-nio-8081-exec-51] org.apache.catalina.startup.HostConfig.undeploy Repliegue (undeploy) de la aplicación web que tiene como trayectoria de contexto [/coffea]
12-May-2022 18:12:50.466 INFORMACIÓN [http-nio-8081-exec-53] org.apache.catalina.startup.HostConfig.deployDescriptor Desplieque del descriptor de configuración [C:\Users\aaguirrem\Desktop\proyectoCoffea\apache-tomcat-10.0.20\conf\Catalina\localhost\coffea.xml]
12-May-2022 18:12:50.466 ADVERTENCIA [http-nio-8081-exec-53] org.apache.catalina.startup.HostConfig.deployDescriptor The path attribute with value [/coffea] in deployment descriptor [C:\Users\aaguirrem\Desktop\proyectoCoffea\apache-tomcat-10.0.20\conf\Catalina\localhost\coffea.xml] has been ignored
12-May-2022 18:12:50.862 INFORMACIÓN [http-nio-8081-exec-53] org.apache.jasper.servlet.TldScanner.scanJars Al menos un JAR, que se ha explorado buscando TLDs, aún no contenía TLDs. Activar historial de depuración para este historiador para una completa lista de los JARs que fueron explorados y de los que nos se halló TLDs. Saltarse JARs no necesarios durante la exploración puede dar lugar a una mejora de tiempo significativa en el arranque y compilación de JSP .
12-May-2022 18:12:50.862 INFORMACIÓN [http-nio-8081-exec-53] org.apache.catalina.startup.HostConfig.deployDescriptor Deployment of deployment descriptor [C:\Users\aaguirrem\Desktop\proyectoCoffea\apache-tomcat-10.0.20\conf\Catalina\localhost\coffea.xml] has finished in [396] ms
12-May-2022 18:12:50.862 INFORMACIÓN [http-nio-8081-exec-50] org.apache.catalina.util.LifecycleBase.start The start() method was called on component [StandardEngine[Catalina].StandardHost[localhost].StandardContext[/coffea]] after start() had already been called. The second call will be ignored.
12-May-2022 18:13:12.467 ADVERTENCIA [http-nio-8081-exec-60] org.apache.catalina.loader.WebappClassLoaderBase.clearReferencesJdbc La aplicación web [coffea] registró el conductor JDBC [oracle.jdbc.OracleDriver] pero falló al anular el registro mientras la aplicación web estaba parada. Para prevenir un fallo de memoria, se ha anulado el registro del conductor JDBC por la fuerza.
12-May-2022 18:13:12.971 INFORMACIÓN [http-nio-8081-exec-60] org.apache.catalina.startup.HostConfig.undeploy Repliegue (undeploy) de la aplicación web que tiene como trayectoria de contexto [/coffea]
12-May-2022 18:13:12.971 INFORMACIÓN [http-nio-8081-exec-48] org.apache.catalina.startup.HostConfig.deployDescriptor Desplieque del descriptor de configuración [C:\Users\aaguirrem\Desktop\proyectoCoffea\apache-tomcat-10.0.20\conf\Catalina\localhost\coffea.xml]
12-May-2022 18:13:12.971 ADVERTENCIA [http-nio-8081-exec-48] org.apache.catalina.startup.HostConfig.deployDescriptor The path attribute with value [/coffea] in deployment descriptor [C:\Users\aaguirrem\Desktop\proyectoCoffea\apache-tomcat-10.0.20\conf\Catalina\localhost\coffea.xml] has been ignored
12-May-2022 18:13:13.371 INFORMACIÓN [http-nio-8081-exec-48] org.apache.jasper.servlet.TldScanner.scanJars Al menos un JAR, que se ha explorado buscando TLDs, aún no contenía TLDs. Activar historial de depuración para este historiador para una completa lista de los JARs que fueron explorados y de los que nos se halló TLDs. Saltarse JARs no necesarios durante la exploración puede dar lugar a una mejora de tiempo significativa en el arranque y compilación de JSP .
12-May-2022 18:13:13.371 INFORMACIÓN [http-nio-8081-exec-48] org.apache.catalina.startup.HostConfig.deployDescriptor Deployment of deployment descriptor [C:\Users\aaguirrem\Desktop\proyectoCoffea\apache-tomcat-10.0.20\conf\Catalina\localhost\coffea.xml] has finished in [400] ms
12-May-2022 18:13:13.371 INFORMACIÓN [http-nio-8081-exec-57] org.apache.catalina.util.LifecycleBase.start The start() method was called on component [StandardEngine[Catalina].StandardHost[localhost].StandardContext[/coffea]] after start() had already been called. The second call will be ignored.
12-May-2022 18:15:01.011 ADVERTENCIA [http-nio-8081-exec-64] org.apache.catalina.loader.WebappClassLoaderBase.clearReferencesJdbc La aplicación web [coffea] registró el conductor JDBC [oracle.jdbc.OracleDriver] pero falló al anular el registro mientras la aplicación web estaba parada. Para prevenir un fallo de memoria, se ha anulado el registro del conductor JDBC por la fuerza.
12-May-2022 18:15:01.522 INFORMACIÓN [http-nio-8081-exec-64] org.apache.catalina.startup.HostConfig.undeploy Repliegue (undeploy) de la aplicación web que tiene como trayectoria de contexto [/coffea]
12-May-2022 18:15:01.528 INFORMACIÓN [http-nio-8081-exec-67] org.apache.catalina.startup.HostConfig.deployDescriptor Desplieque del descriptor de configuración [C:\Users\aaguirrem\Desktop\proyectoCoffea\apache-tomcat-10.0.20\conf\Catalina\localhost\coffea.xml]
12-May-2022 18:15:01.528 ADVERTENCIA [http-nio-8081-exec-67] org.apache.catalina.startup.HostConfig.deployDescriptor The path attribute with value [/coffea] in deployment descriptor [C:\Users\aaguirrem\Desktop\proyectoCoffea\apache-tomcat-10.0.20\conf\Catalina\localhost\coffea.xml] has been ignored
12-May-2022 18:15:01.928 INFORMACIÓN [http-nio-8081-exec-67] org.apache.jasper.servlet.TldScanner.scanJars Al menos un JAR, que se ha explorado buscando TLDs, aún no contenía TLDs. Activar historial de depuración para este historiador para una completa lista de los JARs que fueron explorados y de los que nos se halló TLDs. Saltarse JARs no necesarios durante la exploración puede dar lugar a una mejora de tiempo significativa en el arranque y compilación de JSP .
12-May-2022 18:15:01.928 INFORMACIÓN [http-nio-8081-exec-67] org.apache.catalina.startup.HostConfig.deployDescriptor Deployment of deployment descriptor [C:\Users\aaguirrem\Desktop\proyectoCoffea\apache-tomcat-10.0.20\conf\Catalina\localhost\coffea.xml] has finished in [400] ms
12-May-2022 18:15:01.928 INFORMACIÓN [http-nio-8081-exec-68] org.apache.catalina.util.LifecycleBase.start The start() method was called on component [StandardEngine[Catalina].StandardHost[localhost].StandardContext[/coffea]] after start() had already been called. The second call will be ignored.
12-May-2022 18:17:38.787 ADVERTENCIA [http-nio-8081-exec-79] org.apache.catalina.loader.WebappClassLoaderBase.clearReferencesJdbc La aplicación web [coffea] registró el conductor JDBC [oracle.jdbc.OracleDriver] pero falló al anular el registro mientras la aplicación web estaba parada. Para prevenir un fallo de memoria, se ha anulado el registro del conductor JDBC por la fuerza.
12-May-2022 18:17:39.289 INFORMACIÓN [http-nio-8081-exec-79] org.apache.catalina.startup.HostConfig.undeploy Repliegue (undeploy) de la aplicación web que tiene como trayectoria de contexto [/coffea]
12-May-2022 18:17:39.289 INFORMACIÓN [http-nio-8081-exec-76] org.apache.catalina.startup.HostConfig.deployDescriptor Desplieque del descriptor de configuración [C:\Users\aaguirrem\Desktop\proyectoCoffea\apache-tomcat-10.0.20\conf\Catalina\localhost\coffea.xml]
12-May-2022 18:17:39.289 ADVERTENCIA [http-nio-8081-exec-76] org.apache.catalina.startup.HostConfig.deployDescriptor The path attribute with value [/coffea] in deployment descriptor [C:\Users\aaguirrem\Desktop\proyectoCoffea\apache-tomcat-10.0.20\conf\Catalina\localhost\coffea.xml] has been ignored
12-May-2022 18:17:39.705 INFORMACIÓN [http-nio-8081-exec-76] org.apache.jasper.servlet.TldScanner.scanJars Al menos un JAR, que se ha explorado buscando TLDs, aún no contenía TLDs. Activar historial de depuración para este historiador para una completa lista de los JARs que fueron explorados y de los que nos se halló TLDs. Saltarse JARs no necesarios durante la exploración puede dar lugar a una mejora de tiempo significativa en el arranque y compilación de JSP .
12-May-2022 18:17:39.705 INFORMACIÓN [http-nio-8081-exec-76] org.apache.catalina.startup.HostConfig.deployDescriptor Deployment of deployment descriptor [C:\Users\aaguirrem\Desktop\proyectoCoffea\apache-tomcat-10.0.20\conf\Catalina\localhost\coffea.xml] has finished in [416] ms
12-May-2022 18:17:39.705 INFORMACIÓN [http-nio-8081-exec-77] org.apache.catalina.util.LifecycleBase.start The start() method was called on component [StandardEngine[Catalina].StandardHost[localhost].StandardContext[/coffea]] after start() had already been called. The second call will be ignored.
12-May-2022 18:21:10.457 ADVERTENCIA [http-nio-8081-exec-86] org.apache.catalina.loader.WebappClassLoaderBase.clearReferencesJdbc La aplicación web [coffea] registró el conductor JDBC [oracle.jdbc.OracleDriver] pero falló al anular el registro mientras la aplicación web estaba parada. Para prevenir un fallo de memoria, se ha anulado el registro del conductor JDBC por la fuerza.
12-May-2022 18:21:10.976 INFORMACIÓN [http-nio-8081-exec-86] org.apache.catalina.startup.HostConfig.undeploy Repliegue (undeploy) de la aplicación web que tiene como trayectoria de contexto [/coffea]
12-May-2022 18:21:10.976 INFORMACIÓN [http-nio-8081-exec-81] org.apache.catalina.startup.HostConfig.deployDescriptor Desplieque del descriptor de configuración [C:\Users\aaguirrem\Desktop\proyectoCoffea\apache-tomcat-10.0.20\conf\Catalina\localhost\coffea.xml]
12-May-2022 18:21:10.976 ADVERTENCIA [http-nio-8081-exec-81] org.apache.catalina.startup.HostConfig.deployDescriptor The path attribute with value [/coffea] in deployment descriptor [C:\Users\aaguirrem\Desktop\proyectoCoffea\apache-tomcat-10.0.20\conf\Catalina\localhost\coffea.xml] has been ignored
12-May-2022 18:21:11.377 INFORMACIÓN [http-nio-8081-exec-81] org.apache.jasper.servlet.TldScanner.scanJars Al menos un JAR, que se ha explorado buscando TLDs, aún no contenía TLDs. Activar historial de depuración para este historiador para una completa lista de los JARs que fueron explorados y de los que nos se halló TLDs. Saltarse JARs no necesarios durante la exploración puede dar lugar a una mejora de tiempo significativa en el arranque y compilación de JSP .
12-May-2022 18:21:11.377 INFORMACIÓN [http-nio-8081-exec-81] org.apache.catalina.startup.HostConfig.deployDescriptor Deployment of deployment descriptor [C:\Users\aaguirrem\Desktop\proyectoCoffea\apache-tomcat-10.0.20\conf\Catalina\localhost\coffea.xml] has finished in [401] ms
12-May-2022 18:21:11.392 INFORMACIÓN [http-nio-8081-exec-88] org.apache.catalina.util.LifecycleBase.start The start() method was called on component [StandardEngine[Catalina].StandardHost[localhost].StandardContext[/coffea]] after start() had already been called. The second call will be ignored.
12-May-2022 20:19:53.191 INFORMACIÓN [http-nio-8081-exec-91] org.apache.catalina.core.StandardContext.reload Ha comenzado la recarga de Contexto [/coffea]
12-May-2022 20:19:53.499 ADVERTENCIA [http-nio-8081-exec-91] org.apache.catalina.loader.WebappClassLoaderBase.clearReferencesJdbc La aplicación web [coffea] registró el conductor JDBC [oracle.jdbc.OracleDriver] pero falló al anular el registro mientras la aplicación web estaba parada. Para prevenir un fallo de memoria, se ha anulado el registro del conductor JDBC por la fuerza.
12-May-2022 20:19:54.455 INFORMACIÓN [http-nio-8081-exec-91] org.apache.jasper.servlet.TldScanner.scanJars Al menos un JAR, que se ha explorado buscando TLDs, aún no contenía TLDs. Activar historial de depuración para este historiador para una completa lista de los JARs que fueron explorados y de los que nos se halló TLDs. Saltarse JARs no necesarios durante la exploración puede dar lugar a una mejora de tiempo significativa en el arranque y compilación de JSP .
12-May-2022 20:19:54.455 INFORMACIÓN [http-nio-8081-exec-91] org.apache.catalina.core.StandardContext.reload Se ha completado la recarga de este Contexto
12-May-2022 20:19:59.211 INFORMACIÓN [http-nio-8081-exec-97] org.apache.catalina.core.StandardContext.reload Ha comenzado la recarga de Contexto [/coffea]
12-May-2022 20:20:00.307 INFORMACIÓN [http-nio-8081-exec-97] org.apache.jasper.servlet.TldScanner.scanJars Al menos un JAR, que se ha explorado buscando TLDs, aún no contenía TLDs. Activar historial de depuración para este historiador para una completa lista de los JARs que fueron explorados y de los que nos se halló TLDs. Saltarse JARs no necesarios durante la exploración puede dar lugar a una mejora de tiempo significativa en el arranque y compilación de JSP .
12-May-2022 20:20:00.323 INFORMACIÓN [http-nio-8081-exec-97] org.apache.catalina.core.StandardContext.reload Se ha completado la recarga de este Contexto
12-May-2022 20:20:00.740 INFORMACIÓN [http-nio-8081-exec-100] org.apache.catalina.core.StandardContext.reload Ha comenzado la recarga de Contexto [/coffea]
12-May-2022 20:20:01.757 INFORMACIÓN [http-nio-8081-exec-100] org.apache.jasper.servlet.TldScanner.scanJars Al menos un JAR, que se ha explorado buscando TLDs, aún no contenía TLDs. Activar historial de depuración para este historiador para una completa lista de los JARs que fueron explorados y de los que nos se halló TLDs. Saltarse JARs no necesarios durante la exploración puede dar lugar a una mejora de tiempo significativa en el arranque y compilación de JSP .
12-May-2022 20:20:01.773 INFORMACIÓN [http-nio-8081-exec-100] org.apache.catalina.core.StandardContext.reload Se ha completado la recarga de este Contexto
12-May-2022 20:20:17.883 INFORMACIÓN [http-nio-8081-exec-93] org.apache.catalina.core.StandardContext.reload Ha comenzado la recarga de Contexto [/coffea]
12-May-2022 20:20:18.916 INFORMACIÓN [http-nio-8081-exec-93] org.apache.jasper.servlet.TldScanner.scanJars Al menos un JAR, que se ha explorado buscando TLDs, aún no contenía TLDs. Activar historial de depuración para este historiador para una completa lista de los JARs que fueron explorados y de los que nos se halló TLDs. Saltarse JARs no necesarios durante la exploración puede dar lugar a una mejora de tiempo significativa en el arranque y compilación de JSP .
12-May-2022 20:20:18.919 INFORMACIÓN [http-nio-8081-exec-93] org.apache.catalina.core.StandardContext.reload Se ha completado la recarga de este Contexto
12-May-2022 20:21:28.134 INFORMACIÓN [main] org.apache.catalina.core.StandardServer.await Se ha recibido un comando de apagado a través del puerto de apagado. Parando la instancia del Servidor.
12-May-2022 20:21:28.150 INFORMACIÓN [main] org.apache.coyote.AbstractProtocol.pause Pausing ProtocolHandler ["http-nio-8081"]
12-May-2022 20:21:28.550 INFORMACIÓN [main] org.apache.catalina.core.StandardService.stopInternal Parando servicio [Catalina]
12-May-2022 20:21:28.581 INFORMACIÓN [main] org.apache.coyote.AbstractProtocol.stop Stopping ProtocolHandler ["http-nio-8081"]
12-May-2022 20:21:28.604 INFORMACIÓN [main] org.apache.coyote.AbstractProtocol.destroy Destroying ProtocolHandler ["http-nio-8081"]
12-May-2022 20:22:49.882 INFORMACIÓN [main] org.apache.catalina.startup.VersionLoggerListener.log Nombre de la versión del servidor: Apache Tomcat/10.0.20
12-May-2022 20:22:49.884 INFORMACIÓN [main] org.apache.catalina.startup.VersionLoggerListener.log Server built:                      Mar 31 2022 14:24:36 UTC
12-May-2022 20:22:49.885 INFORMACIÓN [main] org.apache.catalina.startup.VersionLoggerListener.log Número de versión de servidor:     10.0.20.0
12-May-2022 20:22:49.885 INFORMACIÓN [main] org.apache.catalina.startup.VersionLoggerListener.log OS Name:                           Windows 10
12-May-2022 20:22:49.885 INFORMACIÓN [main] org.apache.catalina.startup.VersionLoggerListener.log Versión de Systema Operativo:      10.0
12-May-2022 20:22:49.885 INFORMACIÓN [main] org.apache.catalina.startup.VersionLoggerListener.log Arquitectura:                      amd64
12-May-2022 20:22:49.885 INFORMACIÓN [main] org.apache.catalina.startup.VersionLoggerListener.log Java Home:                         C:\Program Files\Java\jdk1.8.0_202\jre
12-May-2022 20:22:49.885 INFORMACIÓN [main] org.apache.catalina.startup.VersionLoggerListener.log JVM Version:                       1.8.0_202-b08
12-May-2022 20:22:49.885 INFORMACIÓN [main] org.apache.catalina.startup.VersionLoggerListener.log Vededor JVM:                       Oracle Corporation
12-May-2022 20:22:49.885 INFORMACIÓN [main] org.apache.catalina.startup.VersionLoggerListener.log CATALINA_BASE:                     C:\Users\aaguirrem\Desktop\proyectoCoffea\apache-tomcat-10.0.20
12-May-2022 20:22:49.886 INFORMACIÓN [main] org.apache.catalina.startup.VersionLoggerListener.log CATALINA_HOME:                     C:\Users\aaguirrem\Desktop\proyectoCoffea\apache-tomcat-10.0.20
12-May-2022 20:22:49.888 INFORMACIÓN [main] org.apache.catalina.startup.VersionLoggerListener.log Command line argument:             -Djava.util.logging.config.file=C:\Users\aaguirrem\Desktop\proyectoCoffea\apache-tomcat-10.0.20\conf\logging.properties
12-May-2022 20:22:49.888 INFORMACIÓN [main] org.apache.catalina.startup.VersionLoggerListener.log Command line argument:             -Djava.util.logging.manager=org.apache.juli.ClassLoaderLogManager
12-May-2022 20:22:49.888 INFORMACIÓN [main] org.apache.catalina.startup.VersionLoggerListener.log Command line argument:             -Dhttp.nonProxyHosts=localhost|127.0.0.1|HL-017144
12-May-2022 20:22:49.888 INFORMACIÓN [main] org.apache.catalina.startup.VersionLoggerListener.log Command line argument:             -Djdk.tls.ephemeralDHKeySize=2048
12-May-2022 20:22:49.888 INFORMACIÓN [main] org.apache.catalina.startup.VersionLoggerListener.log Command line argument:             -Djava.protocol.handler.pkgs=org.apache.catalina.webresources
12-May-2022 20:22:49.888 INFORMACIÓN [main] org.apache.catalina.startup.VersionLoggerListener.log Command line argument:             -Dignore.endorsed.dirs=
12-May-2022 20:22:49.889 INFORMACIÓN [main] org.apache.catalina.startup.VersionLoggerListener.log Command line argument:             -Dcatalina.base=C:\Users\aaguirrem\Desktop\proyectoCoffea\apache-tomcat-10.0.20
12-May-2022 20:22:49.889 INFORMACIÓN [main] org.apache.catalina.startup.VersionLoggerListener.log Command line argument:             -Dcatalina.home=C:\Users\aaguirrem\Desktop\proyectoCoffea\apache-tomcat-10.0.20
12-May-2022 20:22:49.889 INFORMACIÓN [main] org.apache.catalina.startup.VersionLoggerListener.log Command line argument:             -Djava.io.tmpdir=C:\Users\aaguirrem\Desktop\proyectoCoffea\apache-tomcat-10.0.20\temp
12-May-2022 20:22:49.895 INFORMACIÓN [main] org.apache.catalina.core.AprLifecycleListener.lifecycleEvent La biblioteca nativa de Apache Tomcat basada en ARP que permite un rendimiento óptimo en entornos de desarrollo no ha sido hallada en java.library.path: [C:\Program Files\Java\jdk1.8.0_202\bin;C:\Windows\Sun\Java\bin;C:\Windows\system32;C:\Windows;C:\oraclexe\app\oracle\product\11.2.0\server\bin;;C:\Program Files (x86)\Common Files\Oracle\Java\javapath;C:\Program Files\Eclipse Adoptium\jdk-8.0.322.6-hotspot\bin;C:\Python310\Scripts\;C:\Python310\;C:\Windows\system32;C:\Windows;C:\Windows\System32\Wbem;C:\Windows\System32\WindowsPowerShell\v1.0\;C:\Windows\System32\OpenSSH\;C:\Program Files\dotnet\;C:\Program Files\Microsoft SQL Server\Client SDK\ODBC\170\Tools\Binn\;C:\Program Files\Microsoft SQL Server\150\Tools\Binn\;C:\ProgramData\chocolatey\bin;C:\Program Files\Git\cmd;C:\Program Files\nodejs\;C:\Users\aaguirrem\AppData\Local\Microsoft\WindowsApps;C:\Users\aaguirrem\.dotnet\tools;C:\Users\aaguirrem\AppData\Local\Programs\Microsoft VS Code\bin;C:\Program Files (x86)\Sophos\Sophos SSL VPN Client\bin;C:\Users\aaguirrem\AppData\Roaming\npm;.]
12-May-2022 20:22:50.430 INFORMACIÓN [main] org.apache.coyote.AbstractProtocol.init Inicializando el manejador de protocolo ["http-nio-8081"]

12-May-2022 20:22:50.461 INFORMACIÓN [main] org.apache.catalina.startup.Catalina.load Server initialization in [828] milliseconds
12-May-2022 20:22:50.520 INFORMACIÓN [main] org.apache.catalina.core.StandardService.startInternal Arrancando servicio [Catalina]
12-May-2022 20:22:50.520 INFORMACIÓN [main] org.apache.catalina.core.StandardEngine.startInternal Starting Servlet engine: [Apache Tomcat/10.0.20]
12-May-2022 20:22:50.535 INFORMACIÓN [main] org.apache.catalina.startup.HostConfig.deployDescriptor Desplieque del descriptor de configuración [C:\Users\aaguirrem\Desktop\proyectoCoffea\apache-tomcat-10.0.20\conf\Catalina\localhost\coffea.xml]
12-May-2022 20:22:50.553 ADVERTENCIA [main] org.apache.catalina.startup.HostConfig.deployDescriptor The path attribute with value [/coffea] in deployment descriptor [C:\Users\aaguirrem\Desktop\proyectoCoffea\apache-tomcat-10.0.20\conf\Catalina\localhost\coffea.xml] has been ignored
12-May-2022 20:22:51.601 INFORMACIÓN [main] org.apache.jasper.servlet.TldScanner.scanJars Al menos un JAR, que se ha explorado buscando TLDs, aún no contenía TLDs. Activar historial de depuración para este historiador para una completa lista de los JARs que fueron explorados y de los que nos se halló TLDs. Saltarse JARs no necesarios durante la exploración puede dar lugar a una mejora de tiempo significativa en el arranque y compilación de JSP .
12-May-2022 20:22:51.957 ADVERTENCIA [main] org.apache.catalina.util.SessionIdGeneratorBase.createSecureRandom Creation of SecureRandom instance for session ID generation using [SHA1PRNG] took [309] milliseconds.
12-May-2022 20:22:51.976 INFORMACIÓN [main] org.apache.catalina.startup.HostConfig.deployDescriptor Deployment of deployment descriptor [C:\Users\aaguirrem\Desktop\proyectoCoffea\apache-tomcat-10.0.20\conf\Catalina\localhost\coffea.xml] has finished in [1.442] ms
12-May-2022 20:22:51.976 INFORMACIÓN [main] org.apache.catalina.startup.HostConfig.deployDirectory Desplegando el directorio [C:\Users\aaguirrem\Desktop\proyectoCoffea\apache-tomcat-10.0.20\webapps\docs] de la aplicación web
12-May-2022 20:22:52.008 INFORMACIÓN [main] org.apache.catalina.startup.HostConfig.deployDirectory Deployment of web application directory [C:\Users\aaguirrem\Desktop\proyectoCoffea\apache-tomcat-10.0.20\webapps\docs] has finished in [32] ms
12-May-2022 20:22:52.008 INFORMACIÓN [main] org.apache.catalina.startup.HostConfig.deployDirectory Desplegando el directorio [C:\Users\aaguirrem\Desktop\proyectoCoffea\apache-tomcat-10.0.20\webapps\examples] de la aplicación web
12-May-2022 20:22:52.449 INFORMACIÓN [main] org.apache.catalina.startup.HostConfig.deployDirectory Deployment of web application directory [C:\Users\aaguirrem\Desktop\proyectoCoffea\apache-tomcat-10.0.20\webapps\examples] has finished in [441] ms
12-May-2022 20:22:52.449 INFORMACIÓN [main] org.apache.catalina.startup.HostConfig.deployDirectory Desplegando el directorio [C:\Users\aaguirrem\Desktop\proyectoCoffea\apache-tomcat-10.0.20\webapps\host-manager] de la aplicación web
12-May-2022 20:22:52.502 INFORMACIÓN [main] org.apache.catalina.startup.HostConfig.deployDirectory Deployment of web application directory [C:\Users\aaguirrem\Desktop\proyectoCoffea\apache-tomcat-10.0.20\webapps\host-manager] has finished in [53] ms
12-May-2022 20:22:52.502 INFORMACIÓN [main] org.apache.catalina.startup.HostConfig.deployDirectory Desplegando el directorio [C:\Users\aaguirrem\Desktop\proyectoCoffea\apache-tomcat-10.0.20\webapps\manager] de la aplicación web
12-May-2022 20:22:52.565 INFORMACIÓN [main] org.apache.catalina.startup.HostConfig.deployDirectory Deployment of web application directory [C:\Users\aaguirrem\Desktop\proyectoCoffea\apache-tomcat-10.0.20\webapps\manager] has finished in [63] ms
12-May-2022 20:22:52.565 INFORMACIÓN [main] org.apache.catalina.startup.HostConfig.deployDirectory Desplegando el directorio [C:\Users\aaguirrem\Desktop\proyectoCoffea\apache-tomcat-10.0.20\webapps\ROOT] de la aplicación web
12-May-2022 20:22:52.619 INFORMACIÓN [main] org.apache.catalina.startup.HostConfig.deployDirectory Deployment of web application directory [C:\Users\aaguirrem\Desktop\proyectoCoffea\apache-tomcat-10.0.20\webapps\ROOT] has finished in [54] ms
12-May-2022 20:22:52.629 INFORMACIÓN [main] org.apache.coyote.AbstractProtocol.start Starting ProtocolHandler ["http-nio-8081"]
12-May-2022 20:22:52.668 INFORMACIÓN [main] org.apache.catalina.startup.Catalina.start Server startup in [2193] milliseconds
12-May-2022 20:22:55.745 INFORMACIÓN [http-nio-8081-exec-10] org.apache.catalina.startup.HostConfig.undeploy Repliegue (undeploy) de la aplicación web que tiene como trayectoria de contexto [/coffea]
12-May-2022 20:22:55.829 INFORMACIÓN [http-nio-8081-exec-9] org.apache.catalina.startup.HostConfig.deployDescriptor Desplieque del descriptor de configuración [C:\Users\aaguirrem\Desktop\proyectoCoffea\apache-tomcat-10.0.20\conf\Catalina\localhost\coffea.xml]
12-May-2022 20:22:55.829 ADVERTENCIA [http-nio-8081-exec-9] org.apache.catalina.startup.HostConfig.deployDescriptor The path attribute with value [/coffea] in deployment descriptor [C:\Users\aaguirrem\Desktop\proyectoCoffea\apache-tomcat-10.0.20\conf\Catalina\localhost\coffea.xml] has been ignored
12-May-2022 20:22:56.575 INFORMACIÓN [http-nio-8081-exec-9] org.apache.jasper.servlet.TldScanner.scanJars Al menos un JAR, que se ha explorado buscando TLDs, aún no contenía TLDs. Activar historial de depuración para este historiador para una completa lista de los JARs que fueron explorados y de los que nos se halló TLDs. Saltarse JARs no necesarios durante la exploración puede dar lugar a una mejora de tiempo significativa en el arranque y compilación de JSP .
12-May-2022 20:22:56.585 INFORMACIÓN [http-nio-8081-exec-9] org.apache.catalina.startup.HostConfig.deployDescriptor Deployment of deployment descriptor [C:\Users\aaguirrem\Desktop\proyectoCoffea\apache-tomcat-10.0.20\conf\Catalina\localhost\coffea.xml] has finished in [756] ms
12-May-2022 20:22:56.595 INFORMACIÓN [http-nio-8081-exec-4] org.apache.catalina.util.LifecycleBase.start The start() method was called on component [StandardEngine[Catalina].StandardHost[localhost].StandardContext[/coffea]] after start() had already been called. The second call will be ignored.
12-May-2022 20:47:23.322 INFORMACIÓN [http-nio-8081-exec-18] org.apache.catalina.core.StandardContext.reload Ha comenzado la recarga de Contexto [/coffea]
12-May-2022 20:47:23.638 ADVERTENCIA [http-nio-8081-exec-18] org.apache.catalina.loader.WebappClassLoaderBase.clearReferencesJdbc La aplicación web [coffea] registró el conductor JDBC [oracle.jdbc.OracleDriver] pero falló al anular el registro mientras la aplicación web estaba parada. Para prevenir un fallo de memoria, se ha anulado el registro del conductor JDBC por la fuerza.
12-May-2022 20:47:25.220 INFORMACIÓN [http-nio-8081-exec-18] org.apache.jasper.servlet.TldScanner.scanJars Al menos un JAR, que se ha explorado buscando TLDs, aún no contenía TLDs. Activar historial de depuración para este historiador para una completa lista de los JARs que fueron explorados y de los que nos se halló TLDs. Saltarse JARs no necesarios durante la exploración puede dar lugar a una mejora de tiempo significativa en el arranque y compilación de JSP .
12-May-2022 20:47:25.228 INFORMACIÓN [http-nio-8081-exec-18] org.apache.catalina.core.StandardContext.reload Se ha completado la recarga de este Contexto
