16-May-2022 16:34:48.106 INFORMACIÓN [main] org.apache.catalina.startup.VersionLoggerListener.log Nombre de la versión del servidor: Apache Tomcat/10.0.20
16-May-2022 16:34:48.108 INFORMACIÓN [main] org.apache.catalina.startup.VersionLoggerListener.log Server built:                      Mar 31 2022 14:24:36 UTC
16-May-2022 16:34:48.108 INFORMACIÓN [main] org.apache.catalina.startup.VersionLoggerListener.log Número de versión de servidor:     10.0.20.0
16-May-2022 16:34:48.108 INFORMACIÓN [main] org.apache.catalina.startup.VersionLoggerListener.log OS Name:                           Windows 10
16-May-2022 16:34:48.108 INFORMACIÓN [main] org.apache.catalina.startup.VersionLoggerListener.log Versión de Systema Operativo:      10.0
16-May-2022 16:34:48.108 INFORMACIÓN [main] org.apache.catalina.startup.VersionLoggerListener.log Arquitectura:                      amd64
16-May-2022 16:34:48.108 INFORMACIÓN [main] org.apache.catalina.startup.VersionLoggerListener.log Java Home:                         C:\Program Files\Java\jdk1.8.0_202\jre
16-May-2022 16:34:48.108 INFORMACIÓN [main] org.apache.catalina.startup.VersionLoggerListener.log JVM Version:                       1.8.0_202-b08
16-May-2022 16:34:48.109 INFORMACIÓN [main] org.apache.catalina.startup.VersionLoggerListener.log Vededor JVM:                       Oracle Corporation
16-May-2022 16:34:48.109 INFORMACIÓN [main] org.apache.catalina.startup.VersionLoggerListener.log CATALINA_BASE:                     C:\Users\aaguirrem\Desktop\proyectoCoffea\apache-tomcat-10.0.20
16-May-2022 16:34:48.109 INFORMACIÓN [main] org.apache.catalina.startup.VersionLoggerListener.log CATALINA_HOME:                     C:\Users\aaguirrem\Desktop\proyectoCoffea\apache-tomcat-10.0.20
16-May-2022 16:34:48.110 INFORMACIÓN [main] org.apache.catalina.startup.VersionLoggerListener.log Command line argument:             -Djava.util.logging.config.file=C:\Users\aaguirrem\Desktop\proyectoCoffea\apache-tomcat-10.0.20\conf\logging.properties
16-May-2022 16:34:48.110 INFORMACIÓN [main] org.apache.catalina.startup.VersionLoggerListener.log Command line argument:             -Djava.util.logging.manager=org.apache.juli.ClassLoaderLogManager
16-May-2022 16:34:48.110 INFORMACIÓN [main] org.apache.catalina.startup.VersionLoggerListener.log Command line argument:             -Dhttp.nonProxyHosts=localhost|127.0.0.1|HL-017144
16-May-2022 16:34:48.110 INFORMACIÓN [main] org.apache.catalina.startup.VersionLoggerListener.log Command line argument:             -Djdk.tls.ephemeralDHKeySize=2048
16-May-2022 16:34:48.110 INFORMACIÓN [main] org.apache.catalina.startup.VersionLoggerListener.log Command line argument:             -Djava.protocol.handler.pkgs=org.apache.catalina.webresources
16-May-2022 16:34:48.110 INFORMACIÓN [main] org.apache.catalina.startup.VersionLoggerListener.log Command line argument:             -Dignore.endorsed.dirs=
16-May-2022 16:34:48.110 INFORMACIÓN [main] org.apache.catalina.startup.VersionLoggerListener.log Command line argument:             -Dcatalina.base=C:\Users\aaguirrem\Desktop\proyectoCoffea\apache-tomcat-10.0.20
16-May-2022 16:34:48.110 INFORMACIÓN [main] org.apache.catalina.startup.VersionLoggerListener.log Command line argument:             -Dcatalina.home=C:\Users\aaguirrem\Desktop\proyectoCoffea\apache-tomcat-10.0.20
16-May-2022 16:34:48.110 INFORMACIÓN [main] org.apache.catalina.startup.VersionLoggerListener.log Command line argument:             -Djava.io.tmpdir=C:\Users\aaguirrem\Desktop\proyectoCoffea\apache-tomcat-10.0.20\temp
16-May-2022 16:34:48.114 INFORMACIÓN [main] org.apache.catalina.core.AprLifecycleListener.lifecycleEvent La biblioteca nativa de Apache Tomcat basada en ARP que permite un rendimiento óptimo en entornos de desarrollo no ha sido hallada en java.library.path: [C:\Program Files\Java\jdk1.8.0_202\bin;C:\Windows\Sun\Java\bin;C:\Windows\system32;C:\Windows;C:\Program Files\Common Files\Oracle\Java\javapath;C:\oraclexe\app\oracle\product\11.2.0\server\bin;;C:\Program Files (x86)\Common Files\Oracle\Java\javapath;C:\Program Files\Eclipse Adoptium\jdk-8.0.322.6-hotspot\bin;C:\Python310\Scripts\;C:\Python310\;C:\Windows\system32;C:\Windows;C:\Windows\System32\Wbem;C:\Windows\System32\WindowsPowerShell\v1.0\;C:\Windows\System32\OpenSSH\;C:\Program Files\dotnet\;C:\Program Files\Microsoft SQL Server\Client SDK\ODBC\170\Tools\Binn\;C:\Program Files\Microsoft SQL Server\150\Tools\Binn\;C:\ProgramData\chocolatey\bin;C:\Program Files\Git\cmd;C:\Program Files\nodejs\;C:\Users\aaguirrem\AppData\Local\Microsoft\WindowsApps;C:\Users\aaguirrem\.dotnet\tools;C:\Users\aaguirrem\AppData\Local\Programs\Microsoft VS Code\bin;C:\Program Files (x86)\Sophos\Sophos SSL VPN Client\bin;C:\Users\aaguirrem\AppData\Roaming\npm;.]
16-May-2022 16:34:48.486 INFORMACIÓN [main] org.apache.coyote.AbstractProtocol.init Inicializando el manejador de protocolo ["http-nio-8081"]

16-May-2022 16:34:48.506 INFORMACIÓN [main] org.apache.catalina.startup.Catalina.load Server initialization in [582] milliseconds
16-May-2022 16:34:48.564 INFORMACIÓN [main] org.apache.catalina.core.StandardService.startInternal Arrancando servicio [Catalina]
16-May-2022 16:34:48.564 INFORMACIÓN [main] org.apache.catalina.core.StandardEngine.startInternal Starting Servlet engine: [Apache Tomcat/10.0.20]
16-May-2022 16:34:48.576 INFORMACIÓN [main] org.apache.catalina.startup.HostConfig.deployDescriptor Desplieque del descriptor de configuración [C:\Users\aaguirrem\Desktop\proyectoCoffea\apache-tomcat-10.0.20\conf\Catalina\localhost\coffea.xml]
16-May-2022 16:34:48.596 ADVERTENCIA [main] org.apache.catalina.startup.HostConfig.deployDescriptor The path attribute with value [/coffea] in deployment descriptor [C:\Users\aaguirrem\Desktop\proyectoCoffea\apache-tomcat-10.0.20\conf\Catalina\localhost\coffea.xml] has been ignored
16-May-2022 16:34:49.037 ADVERTENCIA [main] org.apache.catalina.util.SessionIdGeneratorBase.createSecureRandom Creation of SecureRandom instance for session ID generation using [SHA1PRNG] took [222] milliseconds.
16-May-2022 16:34:49.061 INFORMACIÓN [main] org.apache.catalina.startup.HostConfig.deployDescriptor Deployment of deployment descriptor [C:\Users\aaguirrem\Desktop\proyectoCoffea\apache-tomcat-10.0.20\conf\Catalina\localhost\coffea.xml] has finished in [485] ms
16-May-2022 16:34:49.062 INFORMACIÓN [main] org.apache.catalina.startup.HostConfig.deployDirectory Desplegando el directorio [C:\Users\aaguirrem\Desktop\proyectoCoffea\apache-tomcat-10.0.20\webapps\docs] de la aplicación web
16-May-2022 16:34:49.090 INFORMACIÓN [main] org.apache.catalina.startup.HostConfig.deployDirectory Deployment of web application directory [C:\Users\aaguirrem\Desktop\proyectoCoffea\apache-tomcat-10.0.20\webapps\docs] has finished in [28] ms
16-May-2022 16:34:49.090 INFORMACIÓN [main] org.apache.catalina.startup.HostConfig.deployDirectory Desplegando el directorio [C:\Users\aaguirrem\Desktop\proyectoCoffea\apache-tomcat-10.0.20\webapps\examples] de la aplicación web
16-May-2022 16:34:49.473 INFORMACIÓN [main] org.apache.catalina.startup.HostConfig.deployDirectory Deployment of web application directory [C:\Users\aaguirrem\Desktop\proyectoCoffea\apache-tomcat-10.0.20\webapps\examples] has finished in [383] ms
16-May-2022 16:34:49.473 INFORMACIÓN [main] org.apache.catalina.startup.HostConfig.deployDirectory Desplegando el directorio [C:\Users\aaguirrem\Desktop\proyectoCoffea\apache-tomcat-10.0.20\webapps\host-manager] de la aplicación web
16-May-2022 16:34:49.503 INFORMACIÓN [main] org.apache.catalina.startup.HostConfig.deployDirectory Deployment of web application directory [C:\Users\aaguirrem\Desktop\proyectoCoffea\apache-tomcat-10.0.20\webapps\host-manager] has finished in [30] ms
16-May-2022 16:34:49.503 INFORMACIÓN [main] org.apache.catalina.startup.HostConfig.deployDirectory Desplegando el directorio [C:\Users\aaguirrem\Desktop\proyectoCoffea\apache-tomcat-10.0.20\webapps\manager] de la aplicación web
16-May-2022 16:34:49.535 INFORMACIÓN [main] org.apache.catalina.startup.HostConfig.deployDirectory Deployment of web application directory [C:\Users\aaguirrem\Desktop\proyectoCoffea\apache-tomcat-10.0.20\webapps\manager] has finished in [32] ms
16-May-2022 16:34:49.535 INFORMACIÓN [main] org.apache.catalina.startup.HostConfig.deployDirectory Desplegando el directorio [C:\Users\aaguirrem\Desktop\proyectoCoffea\apache-tomcat-10.0.20\webapps\ROOT] de la aplicación web
16-May-2022 16:34:49.559 INFORMACIÓN [main] org.apache.catalina.startup.HostConfig.deployDirectory Deployment of web application directory [C:\Users\aaguirrem\Desktop\proyectoCoffea\apache-tomcat-10.0.20\webapps\ROOT] has finished in [24] ms
16-May-2022 16:34:49.562 INFORMACIÓN [main] org.apache.coyote.AbstractProtocol.start Starting ProtocolHandler ["http-nio-8081"]
16-May-2022 16:34:49.589 INFORMACIÓN [main] org.apache.catalina.startup.Catalina.start Server startup in [1083] milliseconds
16-May-2022 16:34:52.567 INFORMACIÓN [http-nio-8081-exec-8] org.apache.catalina.startup.HostConfig.undeploy Repliegue (undeploy) de la aplicación web que tiene como trayectoria de contexto [/coffea]
16-May-2022 16:34:56.899 INFORMACIÓN [http-nio-8081-exec-6] org.apache.catalina.startup.HostConfig.deployDescriptor Desplieque del descriptor de configuración [C:\Users\aaguirrem\Desktop\proyectoCoffea\apache-tomcat-10.0.20\conf\Catalina\localhost\coffea.xml]
16-May-2022 16:34:56.900 ADVERTENCIA [http-nio-8081-exec-6] org.apache.catalina.startup.HostConfig.deployDescriptor The path attribute with value [/coffea] in deployment descriptor [C:\Users\aaguirrem\Desktop\proyectoCoffea\apache-tomcat-10.0.20\conf\Catalina\localhost\coffea.xml] has been ignored
16-May-2022 16:34:57.394 INFORMACIÓN [http-nio-8081-exec-6] org.apache.jasper.servlet.TldScanner.scanJars Al menos un JAR, que se ha explorado buscando TLDs, aún no contenía TLDs. Activar historial de depuración para este historiador para una completa lista de los JARs que fueron explorados y de los que nos se halló TLDs. Saltarse JARs no necesarios durante la exploración puede dar lugar a una mejora de tiempo significativa en el arranque y compilación de JSP .
16-May-2022 16:34:57.397 INFORMACIÓN [http-nio-8081-exec-6] org.apache.catalina.startup.HostConfig.deployDescriptor Deployment of deployment descriptor [C:\Users\aaguirrem\Desktop\proyectoCoffea\apache-tomcat-10.0.20\conf\Catalina\localhost\coffea.xml] has finished in [498] ms
16-May-2022 16:34:57.402 INFORMACIÓN [http-nio-8081-exec-7] org.apache.catalina.util.LifecycleBase.start The start() method was called on component [StandardEngine[Catalina].StandardHost[localhost].StandardContext[/coffea]] after start() had already been called. The second call will be ignored.
16-May-2022 17:35:21.035 ADVERTENCIA [http-nio-8081-exec-17] org.apache.catalina.loader.WebappClassLoaderBase.clearReferencesJdbc La aplicación web [coffea] registró el conductor JDBC [oracle.jdbc.OracleDriver] pero falló al anular el registro mientras la aplicación web estaba parada. Para prevenir un fallo de memoria, se ha anulado el registro del conductor JDBC por la fuerza.
16-May-2022 17:35:21.550 INFORMACIÓN [http-nio-8081-exec-17] org.apache.catalina.startup.HostConfig.undeploy Repliegue (undeploy) de la aplicación web que tiene como trayectoria de contexto [/coffea]
16-May-2022 17:35:21.550 INFORMACIÓN [http-nio-8081-exec-14] org.apache.catalina.startup.HostConfig.deployDescriptor Desplieque del descriptor de configuración [C:\Users\aaguirrem\Desktop\proyectoCoffea\apache-tomcat-10.0.20\conf\Catalina\localhost\coffea.xml]
16-May-2022 17:35:21.550 ADVERTENCIA [http-nio-8081-exec-14] org.apache.catalina.startup.HostConfig.deployDescriptor The path attribute with value [/coffea/pages/index.jsp] in deployment descriptor [C:\Users\aaguirrem\Desktop\proyectoCoffea\apache-tomcat-10.0.20\conf\Catalina\localhost\coffea.xml] has been ignored
16-May-2022 17:35:22.035 INFORMACIÓN [http-nio-8081-exec-14] org.apache.jasper.servlet.TldScanner.scanJars Al menos un JAR, que se ha explorado buscando TLDs, aún no contenía TLDs. Activar historial de depuración para este historiador para una completa lista de los JARs que fueron explorados y de los que nos se halló TLDs. Saltarse JARs no necesarios durante la exploración puede dar lugar a una mejora de tiempo significativa en el arranque y compilación de JSP .
16-May-2022 17:35:22.035 INFORMACIÓN [http-nio-8081-exec-14] org.apache.catalina.startup.HostConfig.deployDescriptor Deployment of deployment descriptor [C:\Users\aaguirrem\Desktop\proyectoCoffea\apache-tomcat-10.0.20\conf\Catalina\localhost\coffea.xml] has finished in [485] ms
16-May-2022 17:35:27.742 INFORMACIÓN [http-nio-8081-exec-20] org.apache.catalina.startup.HostConfig.undeploy Repliegue (undeploy) de la aplicación web que tiene como trayectoria de contexto [/coffea]
16-May-2022 17:35:27.756 INFORMACIÓN [http-nio-8081-exec-22] org.apache.catalina.startup.HostConfig.deployDescriptor Desplieque del descriptor de configuración [C:\Users\aaguirrem\Desktop\proyectoCoffea\apache-tomcat-10.0.20\conf\Catalina\localhost\coffea#pages#index.jsp.xml]
16-May-2022 17:35:27.756 ADVERTENCIA [http-nio-8081-exec-22] org.apache.catalina.startup.HostConfig.deployDescriptor The path attribute with value [/coffea/pages/index.jsp] in deployment descriptor [C:\Users\aaguirrem\Desktop\proyectoCoffea\apache-tomcat-10.0.20\conf\Catalina\localhost\coffea#pages#index.jsp.xml] has been ignored
16-May-2022 17:35:28.228 INFORMACIÓN [http-nio-8081-exec-22] org.apache.jasper.servlet.TldScanner.scanJars Al menos un JAR, que se ha explorado buscando TLDs, aún no contenía TLDs. Activar historial de depuración para este historiador para una completa lista de los JARs que fueron explorados y de los que nos se halló TLDs. Saltarse JARs no necesarios durante la exploración puede dar lugar a una mejora de tiempo significativa en el arranque y compilación de JSP .
16-May-2022 17:35:28.228 INFORMACIÓN [http-nio-8081-exec-22] org.apache.catalina.startup.HostConfig.deployDescriptor Deployment of deployment descriptor [C:\Users\aaguirrem\Desktop\proyectoCoffea\apache-tomcat-10.0.20\conf\Catalina\localhost\coffea#pages#index.jsp.xml] has finished in [472] ms
16-May-2022 17:35:28.228 INFORMACIÓN [http-nio-8081-exec-21] org.apache.catalina.util.LifecycleBase.start The start() method was called on component [StandardEngine[Catalina].StandardHost[localhost].StandardContext[/coffea/pages/index.jsp]] after start() had already been called. The second call will be ignored.
16-May-2022 17:36:03.441 INFORMACIÓN [http-nio-8081-exec-20] org.apache.catalina.startup.HostConfig.undeploy Repliegue (undeploy) de la aplicación web que tiene como trayectoria de contexto [/coffea/pages/index.jsp]
16-May-2022 17:36:03.441 INFORMACIÓN [http-nio-8081-exec-24] org.apache.catalina.startup.HostConfig.deployDescriptor Desplieque del descriptor de configuración [C:\Users\aaguirrem\Desktop\proyectoCoffea\apache-tomcat-10.0.20\conf\Catalina\localhost\coffea#pages#index.jsp.xml]
16-May-2022 17:36:03.441 ADVERTENCIA [http-nio-8081-exec-24] org.apache.catalina.startup.HostConfig.deployDescriptor The path attribute with value [/coffea/pages/index.jsp] in deployment descriptor [C:\Users\aaguirrem\Desktop\proyectoCoffea\apache-tomcat-10.0.20\conf\Catalina\localhost\coffea#pages#index.jsp.xml] has been ignored
16-May-2022 17:36:03.873 INFORMACIÓN [http-nio-8081-exec-24] org.apache.jasper.servlet.TldScanner.scanJars Al menos un JAR, que se ha explorado buscando TLDs, aún no contenía TLDs. Activar historial de depuración para este historiador para una completa lista de los JARs que fueron explorados y de los que nos se halló TLDs. Saltarse JARs no necesarios durante la exploración puede dar lugar a una mejora de tiempo significativa en el arranque y compilación de JSP .
16-May-2022 17:36:03.873 INFORMACIÓN [http-nio-8081-exec-24] org.apache.catalina.startup.HostConfig.deployDescriptor Deployment of deployment descriptor [C:\Users\aaguirrem\Desktop\proyectoCoffea\apache-tomcat-10.0.20\conf\Catalina\localhost\coffea#pages#index.jsp.xml] has finished in [432] ms
16-May-2022 17:36:03.873 INFORMACIÓN [http-nio-8081-exec-25] org.apache.catalina.util.LifecycleBase.start The start() method was called on component [StandardEngine[Catalina].StandardHost[localhost].StandardContext[/coffea/pages/index.jsp]] after start() had already been called. The second call will be ignored.
16-May-2022 17:36:35.457 ADVERTENCIA [http-nio-8081-exec-27] org.apache.catalina.loader.WebappClassLoaderBase.clearReferencesJdbc La aplicación web [coffea#pages#index.jsp] registró el conductor JDBC [oracle.jdbc.OracleDriver] pero falló al anular el registro mientras la aplicación web estaba parada. Para prevenir un fallo de memoria, se ha anulado el registro del conductor JDBC por la fuerza.
16-May-2022 17:36:35.958 INFORMACIÓN [http-nio-8081-exec-27] org.apache.catalina.startup.HostConfig.undeploy Repliegue (undeploy) de la aplicación web que tiene como trayectoria de contexto [/coffea/pages/index.jsp]
16-May-2022 17:36:35.961 INFORMACIÓN [http-nio-8081-exec-20] org.apache.catalina.startup.HostConfig.deployDescriptor Desplieque del descriptor de configuración [C:\Users\aaguirrem\Desktop\proyectoCoffea\apache-tomcat-10.0.20\conf\Catalina\localhost\coffea#pages#index.jsp.xml]
16-May-2022 17:36:35.961 ADVERTENCIA [http-nio-8081-exec-20] org.apache.catalina.startup.HostConfig.deployDescriptor The path attribute with value [/coffea/pages/index.jsp/pages/index.jsp] in deployment descriptor [C:\Users\aaguirrem\Desktop\proyectoCoffea\apache-tomcat-10.0.20\conf\Catalina\localhost\coffea#pages#index.jsp.xml] has been ignored
16-May-2022 17:36:36.391 INFORMACIÓN [http-nio-8081-exec-20] org.apache.jasper.servlet.TldScanner.scanJars Al menos un JAR, que se ha explorado buscando TLDs, aún no contenía TLDs. Activar historial de depuración para este historiador para una completa lista de los JARs que fueron explorados y de los que nos se halló TLDs. Saltarse JARs no necesarios durante la exploración puede dar lugar a una mejora de tiempo significativa en el arranque y compilación de JSP .
16-May-2022 17:36:36.406 INFORMACIÓN [http-nio-8081-exec-20] org.apache.catalina.startup.HostConfig.deployDescriptor Deployment of deployment descriptor [C:\Users\aaguirrem\Desktop\proyectoCoffea\apache-tomcat-10.0.20\conf\Catalina\localhost\coffea#pages#index.jsp.xml] has finished in [445] ms
16-May-2022 17:36:38.568 INFORMACIÓN [http-nio-8081-exec-31] org.apache.catalina.startup.HostConfig.undeploy Repliegue (undeploy) de la aplicación web que tiene como trayectoria de contexto [/coffea/pages/index.jsp]
16-May-2022 17:36:38.582 INFORMACIÓN [http-nio-8081-exec-33] org.apache.catalina.startup.HostConfig.deployDescriptor Desplieque del descriptor de configuración [C:\Users\aaguirrem\Desktop\proyectoCoffea\apache-tomcat-10.0.20\conf\Catalina\localhost\coffea#pages#index.jsp#pages#index.jsp.xml]
16-May-2022 17:36:38.582 ADVERTENCIA [http-nio-8081-exec-33] org.apache.catalina.startup.HostConfig.deployDescriptor The path attribute with value [/coffea/pages/index.jsp/pages/index.jsp] in deployment descriptor [C:\Users\aaguirrem\Desktop\proyectoCoffea\apache-tomcat-10.0.20\conf\Catalina\localhost\coffea#pages#index.jsp#pages#index.jsp.xml] has been ignored
16-May-2022 17:36:38.980 INFORMACIÓN [http-nio-8081-exec-33] org.apache.jasper.servlet.TldScanner.scanJars Al menos un JAR, que se ha explorado buscando TLDs, aún no contenía TLDs. Activar historial de depuración para este historiador para una completa lista de los JARs que fueron explorados y de los que nos se halló TLDs. Saltarse JARs no necesarios durante la exploración puede dar lugar a una mejora de tiempo significativa en el arranque y compilación de JSP .
16-May-2022 17:36:38.983 INFORMACIÓN [http-nio-8081-exec-33] org.apache.catalina.startup.HostConfig.deployDescriptor Deployment of deployment descriptor [C:\Users\aaguirrem\Desktop\proyectoCoffea\apache-tomcat-10.0.20\conf\Catalina\localhost\coffea#pages#index.jsp#pages#index.jsp.xml] has finished in [401] ms
16-May-2022 17:36:38.983 INFORMACIÓN [http-nio-8081-exec-14] org.apache.catalina.util.LifecycleBase.start The start() method was called on component [StandardEngine[Catalina].StandardHost[localhost].StandardContext[/coffea/pages/index.jsp/pages/index.jsp]] after start() had already been called. The second call will be ignored.
16-May-2022 17:37:25.238 INFORMACIÓN [http-nio-8081-exec-37] org.apache.catalina.startup.HostConfig.undeploy Repliegue (undeploy) de la aplicación web que tiene como trayectoria de contexto [/coffea/pages/index.jsp/pages/index.jsp]
16-May-2022 17:37:25.238 INFORMACIÓN [http-nio-8081-exec-36] org.apache.catalina.startup.HostConfig.deployDescriptor Desplieque del descriptor de configuración [C:\Users\aaguirrem\Desktop\proyectoCoffea\apache-tomcat-10.0.20\conf\Catalina\localhost\coffea#pages#index.jsp#pages#index.jsp.xml]
16-May-2022 17:37:25.238 ADVERTENCIA [http-nio-8081-exec-36] org.apache.catalina.startup.HostConfig.deployDescriptor The path attribute with value [/coffea/pages/index.jsp/pages/index.jsp] in deployment descriptor [C:\Users\aaguirrem\Desktop\proyectoCoffea\apache-tomcat-10.0.20\conf\Catalina\localhost\coffea#pages#index.jsp#pages#index.jsp.xml] has been ignored
16-May-2022 17:37:25.648 INFORMACIÓN [http-nio-8081-exec-36] org.apache.jasper.servlet.TldScanner.scanJars Al menos un JAR, que se ha explorado buscando TLDs, aún no contenía TLDs. Activar historial de depuración para este historiador para una completa lista de los JARs que fueron explorados y de los que nos se halló TLDs. Saltarse JARs no necesarios durante la exploración puede dar lugar a una mejora de tiempo significativa en el arranque y compilación de JSP .
16-May-2022 17:37:25.650 INFORMACIÓN [http-nio-8081-exec-36] org.apache.catalina.startup.HostConfig.deployDescriptor Deployment of deployment descriptor [C:\Users\aaguirrem\Desktop\proyectoCoffea\apache-tomcat-10.0.20\conf\Catalina\localhost\coffea#pages#index.jsp#pages#index.jsp.xml] has finished in [412] ms
16-May-2022 17:37:25.650 INFORMACIÓN [http-nio-8081-exec-14] org.apache.catalina.util.LifecycleBase.start The start() method was called on component [StandardEngine[Catalina].StandardHost[localhost].StandardContext[/coffea/pages/index.jsp/pages/index.jsp]] after start() had already been called. The second call will be ignored.
16-May-2022 17:37:39.946 ADVERTENCIA [http-nio-8081-exec-35] org.apache.catalina.loader.WebappClassLoaderBase.clearReferencesJdbc La aplicación web [coffea#pages#index.jsp#pages#index.jsp] registró el conductor JDBC [oracle.jdbc.OracleDriver] pero falló al anular el registro mientras la aplicación web estaba parada. Para prevenir un fallo de memoria, se ha anulado el registro del conductor JDBC por la fuerza.
16-May-2022 17:37:40.449 INFORMACIÓN [http-nio-8081-exec-35] org.apache.catalina.startup.HostConfig.undeploy Repliegue (undeploy) de la aplicación web que tiene como trayectoria de contexto [/coffea/pages/index.jsp/pages/index.jsp]
16-May-2022 17:37:40.449 INFORMACIÓN [http-nio-8081-exec-40] org.apache.catalina.startup.HostConfig.deployDescriptor Desplieque del descriptor de configuración [C:\Users\aaguirrem\Desktop\proyectoCoffea\apache-tomcat-10.0.20\conf\Catalina\localhost\coffea#pages#index.jsp#pages#index.jsp.xml]
16-May-2022 17:37:40.449 ADVERTENCIA [http-nio-8081-exec-40] org.apache.catalina.startup.HostConfig.deployDescriptor The path attribute with value [/coffea/pages/index.jsp/pages/index.jsp] in deployment descriptor [C:\Users\aaguirrem\Desktop\proyectoCoffea\apache-tomcat-10.0.20\conf\Catalina\localhost\coffea#pages#index.jsp#pages#index.jsp.xml] has been ignored
16-May-2022 17:37:40.851 INFORMACIÓN [http-nio-8081-exec-40] org.apache.jasper.servlet.TldScanner.scanJars Al menos un JAR, que se ha explorado buscando TLDs, aún no contenía TLDs. Activar historial de depuración para este historiador para una completa lista de los JARs que fueron explorados y de los que nos se halló TLDs. Saltarse JARs no necesarios durante la exploración puede dar lugar a una mejora de tiempo significativa en el arranque y compilación de JSP .
16-May-2022 17:37:40.851 INFORMACIÓN [http-nio-8081-exec-40] org.apache.catalina.startup.HostConfig.deployDescriptor Deployment of deployment descriptor [C:\Users\aaguirrem\Desktop\proyectoCoffea\apache-tomcat-10.0.20\conf\Catalina\localhost\coffea#pages#index.jsp#pages#index.jsp.xml] has finished in [402] ms
16-May-2022 17:37:40.851 INFORMACIÓN [http-nio-8081-exec-34] org.apache.catalina.util.LifecycleBase.start The start() method was called on component [StandardEngine[Catalina].StandardHost[localhost].StandardContext[/coffea/pages/index.jsp/pages/index.jsp]] after start() had already been called. The second call will be ignored.
16-May-2022 17:49:58.716 ADVERTENCIA [http-nio-8081-exec-49] org.apache.catalina.loader.WebappClassLoaderBase.clearReferencesJdbc La aplicación web [coffea#pages#index.jsp#pages#index.jsp] registró el conductor JDBC [oracle.jdbc.OracleDriver] pero falló al anular el registro mientras la aplicación web estaba parada. Para prevenir un fallo de memoria, se ha anulado el registro del conductor JDBC por la fuerza.
16-May-2022 17:49:59.225 INFORMACIÓN [http-nio-8081-exec-49] org.apache.catalina.startup.HostConfig.undeploy Repliegue (undeploy) de la aplicación web que tiene como trayectoria de contexto [/coffea/pages/index.jsp/pages/index.jsp]
16-May-2022 17:49:59.225 INFORMACIÓN [http-nio-8081-exec-47] org.apache.catalina.startup.HostConfig.deployDescriptor Desplieque del descriptor de configuración [C:\Users\aaguirrem\Desktop\proyectoCoffea\apache-tomcat-10.0.20\conf\Catalina\localhost\coffea#pages#index.jsp#pages#index.jsp.xml]
16-May-2022 17:49:59.225 ADVERTENCIA [http-nio-8081-exec-47] org.apache.catalina.startup.HostConfig.deployDescriptor The path attribute with value [/coffea/pages/index.jsp/pages/index.jsp] in deployment descriptor [C:\Users\aaguirrem\Desktop\proyectoCoffea\apache-tomcat-10.0.20\conf\Catalina\localhost\coffea#pages#index.jsp#pages#index.jsp.xml] has been ignored
16-May-2022 17:49:59.629 INFORMACIÓN [http-nio-8081-exec-47] org.apache.jasper.servlet.TldScanner.scanJars Al menos un JAR, que se ha explorado buscando TLDs, aún no contenía TLDs. Activar historial de depuración para este historiador para una completa lista de los JARs que fueron explorados y de los que nos se halló TLDs. Saltarse JARs no necesarios durante la exploración puede dar lugar a una mejora de tiempo significativa en el arranque y compilación de JSP .
16-May-2022 17:49:59.645 INFORMACIÓN [http-nio-8081-exec-47] org.apache.catalina.startup.HostConfig.deployDescriptor Deployment of deployment descriptor [C:\Users\aaguirrem\Desktop\proyectoCoffea\apache-tomcat-10.0.20\conf\Catalina\localhost\coffea#pages#index.jsp#pages#index.jsp.xml] has finished in [420] ms
16-May-2022 17:49:59.645 INFORMACIÓN [http-nio-8081-exec-46] org.apache.catalina.util.LifecycleBase.start The start() method was called on component [StandardEngine[Catalina].StandardHost[localhost].StandardContext[/coffea/pages/index.jsp/pages/index.jsp]] after start() had already been called. The second call will be ignored.
16-May-2022 17:54:28.880 ADVERTENCIA [http-nio-8081-exec-53] org.apache.catalina.loader.WebappClassLoaderBase.clearReferencesJdbc La aplicación web [coffea#pages#index.jsp#pages#index.jsp] registró el conductor JDBC [oracle.jdbc.OracleDriver] pero falló al anular el registro mientras la aplicación web estaba parada. Para prevenir un fallo de memoria, se ha anulado el registro del conductor JDBC por la fuerza.
16-May-2022 17:54:29.382 INFORMACIÓN [http-nio-8081-exec-53] org.apache.catalina.startup.HostConfig.undeploy Repliegue (undeploy) de la aplicación web que tiene como trayectoria de contexto [/coffea/pages/index.jsp/pages/index.jsp]
16-May-2022 17:54:29.382 INFORMACIÓN [http-nio-8081-exec-59] org.apache.catalina.startup.HostConfig.deployDescriptor Desplieque del descriptor de configuración [C:\Users\aaguirrem\Desktop\proyectoCoffea\apache-tomcat-10.0.20\conf\Catalina\localhost\coffea#pages#index.jsp#pages#index.jsp.xml]
16-May-2022 17:54:29.382 ADVERTENCIA [http-nio-8081-exec-59] org.apache.catalina.startup.HostConfig.deployDescriptor The path attribute with value [/coffea/pages/index.jsp/pages/index.jsp] in deployment descriptor [C:\Users\aaguirrem\Desktop\proyectoCoffea\apache-tomcat-10.0.20\conf\Catalina\localhost\coffea#pages#index.jsp#pages#index.jsp.xml] has been ignored
16-May-2022 17:54:29.802 INFORMACIÓN [http-nio-8081-exec-59] org.apache.jasper.servlet.TldScanner.scanJars Al menos un JAR, que se ha explorado buscando TLDs, aún no contenía TLDs. Activar historial de depuración para este historiador para una completa lista de los JARs que fueron explorados y de los que nos se halló TLDs. Saltarse JARs no necesarios durante la exploración puede dar lugar a una mejora de tiempo significativa en el arranque y compilación de JSP .
16-May-2022 17:54:29.802 INFORMACIÓN [http-nio-8081-exec-59] org.apache.catalina.startup.HostConfig.deployDescriptor Deployment of deployment descriptor [C:\Users\aaguirrem\Desktop\proyectoCoffea\apache-tomcat-10.0.20\conf\Catalina\localhost\coffea#pages#index.jsp#pages#index.jsp.xml] has finished in [420] ms
16-May-2022 17:54:29.802 INFORMACIÓN [http-nio-8081-exec-60] org.apache.catalina.util.LifecycleBase.start The start() method was called on component [StandardEngine[Catalina].StandardHost[localhost].StandardContext[/coffea/pages/index.jsp/pages/index.jsp]] after start() had already been called. The second call will be ignored.
16-May-2022 18:11:57.460 INFORMACIÓN [http-nio-8081-exec-62] org.apache.catalina.core.StandardContext.reload Ha comenzado la recarga de Contexto [/coffea/pages/index.jsp/pages/index.jsp]
16-May-2022 18:11:57.607 ADVERTENCIA [http-nio-8081-exec-62] org.apache.catalina.loader.WebappClassLoaderBase.clearReferencesJdbc La aplicación web [coffea#pages#index.jsp#pages#index.jsp] registró el conductor JDBC [oracle.jdbc.OracleDriver] pero falló al anular el registro mientras la aplicación web estaba parada. Para prevenir un fallo de memoria, se ha anulado el registro del conductor JDBC por la fuerza.
16-May-2022 18:11:58.023 INFORMACIÓN [http-nio-8081-exec-62] org.apache.jasper.servlet.TldScanner.scanJars Al menos un JAR, que se ha explorado buscando TLDs, aún no contenía TLDs. Activar historial de depuración para este historiador para una completa lista de los JARs que fueron explorados y de los que nos se halló TLDs. Saltarse JARs no necesarios durante la exploración puede dar lugar a una mejora de tiempo significativa en el arranque y compilación de JSP .
16-May-2022 18:11:58.024 INFORMACIÓN [http-nio-8081-exec-62] org.apache.catalina.core.StandardContext.reload Se ha completado la recarga de este Contexto
16-May-2022 18:12:43.301 INFORMACIÓN [http-nio-8081-exec-65] org.apache.catalina.core.StandardContext.reload Ha comenzado la recarga de Contexto [/coffea/pages/index.jsp/pages/index.jsp]
16-May-2022 18:12:43.702 INFORMACIÓN [http-nio-8081-exec-65] org.apache.jasper.servlet.TldScanner.scanJars Al menos un JAR, que se ha explorado buscando TLDs, aún no contenía TLDs. Activar historial de depuración para este historiador para una completa lista de los JARs que fueron explorados y de los que nos se halló TLDs. Saltarse JARs no necesarios durante la exploración puede dar lugar a una mejora de tiempo significativa en el arranque y compilación de JSP .
16-May-2022 18:12:43.702 INFORMACIÓN [http-nio-8081-exec-65] org.apache.catalina.core.StandardContext.reload Se ha completado la recarga de este Contexto
16-May-2022 18:12:54.172 INFORMACIÓN [http-nio-8081-exec-64] org.apache.catalina.core.StandardContext.reload Ha comenzado la recarga de Contexto [/coffea/pages/index.jsp/pages/index.jsp]
16-May-2022 18:12:54.589 INFORMACIÓN [http-nio-8081-exec-64] org.apache.jasper.servlet.TldScanner.scanJars Al menos un JAR, que se ha explorado buscando TLDs, aún no contenía TLDs. Activar historial de depuración para este historiador para una completa lista de los JARs que fueron explorados y de los que nos se halló TLDs. Saltarse JARs no necesarios durante la exploración puede dar lugar a una mejora de tiempo significativa en el arranque y compilación de JSP .
16-May-2022 18:12:54.589 INFORMACIÓN [http-nio-8081-exec-64] org.apache.catalina.core.StandardContext.reload Se ha completado la recarga de este Contexto
16-May-2022 18:12:54.922 INFORMACIÓN [http-nio-8081-exec-74] org.apache.catalina.core.StandardContext.reload Ha comenzado la recarga de Contexto [/coffea/pages/index.jsp/pages/index.jsp]
16-May-2022 18:12:55.496 INFORMACIÓN [http-nio-8081-exec-74] org.apache.jasper.servlet.TldScanner.scanJars Al menos un JAR, que se ha explorado buscando TLDs, aún no contenía TLDs. Activar historial de depuración para este historiador para una completa lista de los JARs que fueron explorados y de los que nos se halló TLDs. Saltarse JARs no necesarios durante la exploración puede dar lugar a una mejora de tiempo significativa en el arranque y compilación de JSP .
16-May-2022 18:12:55.496 INFORMACIÓN [http-nio-8081-exec-74] org.apache.catalina.core.StandardContext.reload Se ha completado la recarga de este Contexto
16-May-2022 18:12:59.064 INFORMACIÓN [http-nio-8081-exec-64] org.apache.catalina.core.StandardContext.reload Ha comenzado la recarga de Contexto [/coffea/pages/index.jsp/pages/index.jsp]
16-May-2022 18:12:59.470 INFORMACIÓN [http-nio-8081-exec-64] org.apache.jasper.servlet.TldScanner.scanJars Al menos un JAR, que se ha explorado buscando TLDs, aún no contenía TLDs. Activar historial de depuración para este historiador para una completa lista de los JARs que fueron explorados y de los que nos se halló TLDs. Saltarse JARs no necesarios durante la exploración puede dar lugar a una mejora de tiempo significativa en el arranque y compilación de JSP .
16-May-2022 18:12:59.470 INFORMACIÓN [http-nio-8081-exec-64] org.apache.catalina.core.StandardContext.reload Se ha completado la recarga de este Contexto
16-May-2022 18:12:59.879 INFORMACIÓN [http-nio-8081-exec-63] org.apache.catalina.core.StandardContext.reload Ha comenzado la recarga de Contexto [/coffea/pages/index.jsp/pages/index.jsp]
16-May-2022 18:13:00.288 INFORMACIÓN [http-nio-8081-exec-63] org.apache.jasper.servlet.TldScanner.scanJars Al menos un JAR, que se ha explorado buscando TLDs, aún no contenía TLDs. Activar historial de depuración para este historiador para una completa lista de los JARs que fueron explorados y de los que nos se halló TLDs. Saltarse JARs no necesarios durante la exploración puede dar lugar a una mejora de tiempo significativa en el arranque y compilación de JSP .
16-May-2022 18:13:00.288 INFORMACIÓN [http-nio-8081-exec-63] org.apache.catalina.core.StandardContext.reload Se ha completado la recarga de este Contexto
16-May-2022 18:13:09.482 INFORMACIÓN [http-nio-8081-exec-76] org.apache.catalina.core.StandardContext.reload Ha comenzado la recarga de Contexto [/coffea/pages/index.jsp/pages/index.jsp]
16-May-2022 18:13:09.931 INFORMACIÓN [http-nio-8081-exec-76] org.apache.jasper.servlet.TldScanner.scanJars Al menos un JAR, que se ha explorado buscando TLDs, aún no contenía TLDs. Activar historial de depuración para este historiador para una completa lista de los JARs que fueron explorados y de los que nos se halló TLDs. Saltarse JARs no necesarios durante la exploración puede dar lugar a una mejora de tiempo significativa en el arranque y compilación de JSP .
16-May-2022 18:13:09.931 INFORMACIÓN [http-nio-8081-exec-76] org.apache.catalina.core.StandardContext.reload Se ha completado la recarga de este Contexto
16-May-2022 18:13:10.279 INFORMACIÓN [http-nio-8081-exec-78] org.apache.catalina.core.StandardContext.reload Ha comenzado la recarga de Contexto [/coffea/pages/index.jsp/pages/index.jsp]
16-May-2022 18:13:10.751 INFORMACIÓN [http-nio-8081-exec-78] org.apache.jasper.servlet.TldScanner.scanJars Al menos un JAR, que se ha explorado buscando TLDs, aún no contenía TLDs. Activar historial de depuración para este historiador para una completa lista de los JARs que fueron explorados y de los que nos se halló TLDs. Saltarse JARs no necesarios durante la exploración puede dar lugar a una mejora de tiempo significativa en el arranque y compilación de JSP .
16-May-2022 18:13:10.751 INFORMACIÓN [http-nio-8081-exec-78] org.apache.catalina.core.StandardContext.reload Se ha completado la recarga de este Contexto
16-May-2022 18:14:12.985 INFORMACIÓN [http-nio-8081-exec-83] org.apache.catalina.core.StandardContext.reload Ha comenzado la recarga de Contexto [/coffea/pages/index.jsp/pages/index.jsp]
16-May-2022 18:14:13.154 ADVERTENCIA [http-nio-8081-exec-83] org.apache.catalina.loader.WebappClassLoaderBase.clearReferencesJdbc La aplicación web [coffea#pages#index.jsp#pages#index.jsp] registró el conductor JDBC [oracle.jdbc.OracleDriver] pero falló al anular el registro mientras la aplicación web estaba parada. Para prevenir un fallo de memoria, se ha anulado el registro del conductor JDBC por la fuerza.
16-May-2022 18:14:13.570 INFORMACIÓN [http-nio-8081-exec-83] org.apache.jasper.servlet.TldScanner.scanJars Al menos un JAR, que se ha explorado buscando TLDs, aún no contenía TLDs. Activar historial de depuración para este historiador para una completa lista de los JARs que fueron explorados y de los que nos se halló TLDs. Saltarse JARs no necesarios durante la exploración puede dar lugar a una mejora de tiempo significativa en el arranque y compilación de JSP .
16-May-2022 18:14:13.586 INFORMACIÓN [http-nio-8081-exec-83] org.apache.catalina.core.StandardContext.reload Se ha completado la recarga de este Contexto
16-May-2022 18:14:28.511 INFORMACIÓN [http-nio-8081-exec-80] org.apache.catalina.startup.HostConfig.undeploy Repliegue (undeploy) de la aplicación web que tiene como trayectoria de contexto [/coffea/pages/index.jsp/pages/index.jsp]
16-May-2022 18:14:28.511 INFORMACIÓN [http-nio-8081-exec-68] org.apache.catalina.startup.HostConfig.deployDescriptor Desplieque del descriptor de configuración [C:\Users\aaguirrem\Desktop\proyectoCoffea\apache-tomcat-10.0.20\conf\Catalina\localhost\coffea#pages#index.jsp#pages#index.jsp.xml]
16-May-2022 18:14:28.511 ADVERTENCIA [http-nio-8081-exec-68] org.apache.catalina.startup.HostConfig.deployDescriptor The path attribute with value [/coffea/pages/index.jsp/pages/index.jsp] in deployment descriptor [C:\Users\aaguirrem\Desktop\proyectoCoffea\apache-tomcat-10.0.20\conf\Catalina\localhost\coffea#pages#index.jsp#pages#index.jsp.xml] has been ignored
16-May-2022 18:14:28.924 INFORMACIÓN [http-nio-8081-exec-68] org.apache.jasper.servlet.TldScanner.scanJars Al menos un JAR, que se ha explorado buscando TLDs, aún no contenía TLDs. Activar historial de depuración para este historiador para una completa lista de los JARs que fueron explorados y de los que nos se halló TLDs. Saltarse JARs no necesarios durante la exploración puede dar lugar a una mejora de tiempo significativa en el arranque y compilación de JSP .
16-May-2022 18:14:28.940 INFORMACIÓN [http-nio-8081-exec-68] org.apache.catalina.startup.HostConfig.deployDescriptor Deployment of deployment descriptor [C:\Users\aaguirrem\Desktop\proyectoCoffea\apache-tomcat-10.0.20\conf\Catalina\localhost\coffea#pages#index.jsp#pages#index.jsp.xml] has finished in [429] ms
16-May-2022 18:14:28.944 INFORMACIÓN [http-nio-8081-exec-66] org.apache.catalina.util.LifecycleBase.start The start() method was called on component [StandardEngine[Catalina].StandardHost[localhost].StandardContext[/coffea/pages/index.jsp/pages/index.jsp]] after start() had already been called. The second call will be ignored.
16-May-2022 18:19:48.828 ADVERTENCIA [http-nio-8081-exec-85] org.apache.catalina.loader.WebappClassLoaderBase.clearReferencesJdbc La aplicación web [coffea#pages#index.jsp#pages#index.jsp] registró el conductor JDBC [oracle.jdbc.OracleDriver] pero falló al anular el registro mientras la aplicación web estaba parada. Para prevenir un fallo de memoria, se ha anulado el registro del conductor JDBC por la fuerza.
16-May-2022 18:19:49.330 INFORMACIÓN [http-nio-8081-exec-85] org.apache.catalina.startup.HostConfig.undeploy Repliegue (undeploy) de la aplicación web que tiene como trayectoria de contexto [/coffea/pages/index.jsp/pages/index.jsp]
16-May-2022 18:19:49.345 INFORMACIÓN [http-nio-8081-exec-92] org.apache.catalina.startup.HostConfig.deployDescriptor Desplieque del descriptor de configuración [C:\Users\aaguirrem\Desktop\proyectoCoffea\apache-tomcat-10.0.20\conf\Catalina\localhost\coffea#pages#index.jsp#pages#index.jsp.xml]
16-May-2022 18:19:49.345 ADVERTENCIA [http-nio-8081-exec-92] org.apache.catalina.startup.HostConfig.deployDescriptor The path attribute with value [/coffea/pages/index.jsp/pages/index.jsp] in deployment descriptor [C:\Users\aaguirrem\Desktop\proyectoCoffea\apache-tomcat-10.0.20\conf\Catalina\localhost\coffea#pages#index.jsp#pages#index.jsp.xml] has been ignored
16-May-2022 18:19:49.775 INFORMACIÓN [http-nio-8081-exec-92] org.apache.jasper.servlet.TldScanner.scanJars Al menos un JAR, que se ha explorado buscando TLDs, aún no contenía TLDs. Activar historial de depuración para este historiador para una completa lista de los JARs que fueron explorados y de los que nos se halló TLDs. Saltarse JARs no necesarios durante la exploración puede dar lugar a una mejora de tiempo significativa en el arranque y compilación de JSP .
16-May-2022 18:19:49.775 INFORMACIÓN [http-nio-8081-exec-92] org.apache.catalina.startup.HostConfig.deployDescriptor Deployment of deployment descriptor [C:\Users\aaguirrem\Desktop\proyectoCoffea\apache-tomcat-10.0.20\conf\Catalina\localhost\coffea#pages#index.jsp#pages#index.jsp.xml] has finished in [430] ms
16-May-2022 18:19:49.787 INFORMACIÓN [http-nio-8081-exec-93] org.apache.catalina.util.LifecycleBase.start The start() method was called on component [StandardEngine[Catalina].StandardHost[localhost].StandardContext[/coffea/pages/index.jsp/pages/index.jsp]] after start() had already been called. The second call will be ignored.
16-May-2022 19:17:52.251 INFORMACIÓN [http-nio-8081-exec-96] org.apache.catalina.core.StandardContext.reload Ha comenzado la recarga de Contexto [/coffea/pages/index.jsp/pages/index.jsp]
16-May-2022 19:17:52.574 ADVERTENCIA [http-nio-8081-exec-96] org.apache.catalina.loader.WebappClassLoaderBase.clearReferencesJdbc La aplicación web [coffea#pages#index.jsp#pages#index.jsp] registró el conductor JDBC [oracle.jdbc.OracleDriver] pero falló al anular el registro mientras la aplicación web estaba parada. Para prevenir un fallo de memoria, se ha anulado el registro del conductor JDBC por la fuerza.
16-May-2022 19:17:53.044 INFORMACIÓN [http-nio-8081-exec-96] org.apache.jasper.servlet.TldScanner.scanJars Al menos un JAR, que se ha explorado buscando TLDs, aún no contenía TLDs. Activar historial de depuración para este historiador para una completa lista de los JARs que fueron explorados y de los que nos se halló TLDs. Saltarse JARs no necesarios durante la exploración puede dar lugar a una mejora de tiempo significativa en el arranque y compilación de JSP .
16-May-2022 19:17:53.046 INFORMACIÓN [http-nio-8081-exec-96] org.apache.catalina.core.StandardContext.reload Se ha completado la recarga de este Contexto
16-May-2022 19:18:01.902 INFORMACIÓN [http-nio-8081-exec-101] org.apache.catalina.core.StandardContext.reload Ha comenzado la recarga de Contexto [/coffea/pages/index.jsp/pages/index.jsp]
16-May-2022 19:18:02.327 INFORMACIÓN [http-nio-8081-exec-101] org.apache.jasper.servlet.TldScanner.scanJars Al menos un JAR, que se ha explorado buscando TLDs, aún no contenía TLDs. Activar historial de depuración para este historiador para una completa lista de los JARs que fueron explorados y de los que nos se halló TLDs. Saltarse JARs no necesarios durante la exploración puede dar lugar a una mejora de tiempo significativa en el arranque y compilación de JSP .
16-May-2022 19:18:02.328 INFORMACIÓN [http-nio-8081-exec-101] org.apache.catalina.core.StandardContext.reload Se ha completado la recarga de este Contexto
16-May-2022 19:18:06.848 INFORMACIÓN [http-nio-8081-exec-99] org.apache.catalina.core.StandardContext.reload Ha comenzado la recarga de Contexto [/coffea/pages/index.jsp/pages/index.jsp]
16-May-2022 19:18:07.286 INFORMACIÓN [http-nio-8081-exec-99] org.apache.jasper.servlet.TldScanner.scanJars Al menos un JAR, que se ha explorado buscando TLDs, aún no contenía TLDs. Activar historial de depuración para este historiador para una completa lista de los JARs que fueron explorados y de los que nos se halló TLDs. Saltarse JARs no necesarios durante la exploración puede dar lugar a una mejora de tiempo significativa en el arranque y compilación de JSP .
16-May-2022 19:18:07.287 INFORMACIÓN [http-nio-8081-exec-99] org.apache.catalina.core.StandardContext.reload Se ha completado la recarga de este Contexto
16-May-2022 19:18:07.699 INFORMACIÓN [http-nio-8081-exec-105] org.apache.catalina.core.StandardContext.reload Ha comenzado la recarga de Contexto [/coffea/pages/index.jsp/pages/index.jsp]
16-May-2022 19:18:08.170 INFORMACIÓN [http-nio-8081-exec-105] org.apache.jasper.servlet.TldScanner.scanJars Al menos un JAR, que se ha explorado buscando TLDs, aún no contenía TLDs. Activar historial de depuración para este historiador para una completa lista de los JARs que fueron explorados y de los que nos se halló TLDs. Saltarse JARs no necesarios durante la exploración puede dar lugar a una mejora de tiempo significativa en el arranque y compilación de JSP .
16-May-2022 19:18:08.171 INFORMACIÓN [http-nio-8081-exec-105] org.apache.catalina.core.StandardContext.reload Se ha completado la recarga de este Contexto
16-May-2022 19:18:25.810 INFORMACIÓN [http-nio-8081-exec-101] org.apache.catalina.core.StandardContext.reload Ha comenzado la recarga de Contexto [/coffea/pages/index.jsp/pages/index.jsp]
16-May-2022 19:18:26.219 INFORMACIÓN [http-nio-8081-exec-101] org.apache.jasper.servlet.TldScanner.scanJars Al menos un JAR, que se ha explorado buscando TLDs, aún no contenía TLDs. Activar historial de depuración para este historiador para una completa lista de los JARs que fueron explorados y de los que nos se halló TLDs. Saltarse JARs no necesarios durante la exploración puede dar lugar a una mejora de tiempo significativa en el arranque y compilación de JSP .
16-May-2022 19:18:26.220 INFORMACIÓN [http-nio-8081-exec-101] org.apache.catalina.core.StandardContext.reload Se ha completado la recarga de este Contexto
16-May-2022 19:18:27.331 INFORMACIÓN [http-nio-8081-exec-104] org.apache.catalina.core.StandardContext.reload Ha comenzado la recarga de Contexto [/coffea/pages/index.jsp/pages/index.jsp]
16-May-2022 19:18:27.751 INFORMACIÓN [http-nio-8081-exec-104] org.apache.jasper.servlet.TldScanner.scanJars Al menos un JAR, que se ha explorado buscando TLDs, aún no contenía TLDs. Activar historial de depuración para este historiador para una completa lista de los JARs que fueron explorados y de los que nos se halló TLDs. Saltarse JARs no necesarios durante la exploración puede dar lugar a una mejora de tiempo significativa en el arranque y compilación de JSP .
16-May-2022 19:18:27.752 INFORMACIÓN [http-nio-8081-exec-104] org.apache.catalina.core.StandardContext.reload Se ha completado la recarga de este Contexto
16-May-2022 19:18:34.554 INFORMACIÓN [http-nio-8081-exec-97] org.apache.catalina.core.StandardContext.reload Ha comenzado la recarga de Contexto [/coffea/pages/index.jsp/pages/index.jsp]
16-May-2022 19:18:34.971 INFORMACIÓN [http-nio-8081-exec-97] org.apache.jasper.servlet.TldScanner.scanJars Al menos un JAR, que se ha explorado buscando TLDs, aún no contenía TLDs. Activar historial de depuración para este historiador para una completa lista de los JARs que fueron explorados y de los que nos se halló TLDs. Saltarse JARs no necesarios durante la exploración puede dar lugar a una mejora de tiempo significativa en el arranque y compilación de JSP .
16-May-2022 19:18:34.972 INFORMACIÓN [http-nio-8081-exec-97] org.apache.catalina.core.StandardContext.reload Se ha completado la recarga de este Contexto
16-May-2022 19:18:35.465 INFORMACIÓN [http-nio-8081-exec-108] org.apache.catalina.core.StandardContext.reload Ha comenzado la recarga de Contexto [/coffea/pages/index.jsp/pages/index.jsp]
16-May-2022 19:18:35.874 INFORMACIÓN [http-nio-8081-exec-108] org.apache.jasper.servlet.TldScanner.scanJars Al menos un JAR, que se ha explorado buscando TLDs, aún no contenía TLDs. Activar historial de depuración para este historiador para una completa lista de los JARs que fueron explorados y de los que nos se halló TLDs. Saltarse JARs no necesarios durante la exploración puede dar lugar a una mejora de tiempo significativa en el arranque y compilación de JSP .
16-May-2022 19:18:35.876 INFORMACIÓN [http-nio-8081-exec-108] org.apache.catalina.core.StandardContext.reload Se ha completado la recarga de este Contexto
16-May-2022 19:28:49.461 INFORMACIÓN [http-nio-8081-exec-118] org.apache.catalina.core.StandardContext.reload Ha comenzado la recarga de Contexto [/coffea/pages/index.jsp/pages/index.jsp]
16-May-2022 19:28:49.603 ADVERTENCIA [http-nio-8081-exec-118] org.apache.catalina.loader.WebappClassLoaderBase.clearReferencesJdbc La aplicación web [coffea#pages#index.jsp#pages#index.jsp] registró el conductor JDBC [oracle.jdbc.OracleDriver] pero falló al anular el registro mientras la aplicación web estaba parada. Para prevenir un fallo de memoria, se ha anulado el registro del conductor JDBC por la fuerza.
16-May-2022 19:28:50.002 INFORMACIÓN [http-nio-8081-exec-118] org.apache.jasper.servlet.TldScanner.scanJars Al menos un JAR, que se ha explorado buscando TLDs, aún no contenía TLDs. Activar historial de depuración para este historiador para una completa lista de los JARs que fueron explorados y de los que nos se halló TLDs. Saltarse JARs no necesarios durante la exploración puede dar lugar a una mejora de tiempo significativa en el arranque y compilación de JSP .
16-May-2022 19:28:50.003 INFORMACIÓN [http-nio-8081-exec-118] org.apache.catalina.core.StandardContext.reload Se ha completado la recarga de este Contexto
16-May-2022 19:28:55.503 INFORMACIÓN [http-nio-8081-exec-112] org.apache.catalina.core.StandardContext.reload Ha comenzado la recarga de Contexto [/coffea/pages/index.jsp/pages/index.jsp]
16-May-2022 19:28:55.890 INFORMACIÓN [http-nio-8081-exec-112] org.apache.jasper.servlet.TldScanner.scanJars Al menos un JAR, que se ha explorado buscando TLDs, aún no contenía TLDs. Activar historial de depuración para este historiador para una completa lista de los JARs que fueron explorados y de los que nos se halló TLDs. Saltarse JARs no necesarios durante la exploración puede dar lugar a una mejora de tiempo significativa en el arranque y compilación de JSP .
16-May-2022 19:28:55.891 INFORMACIÓN [http-nio-8081-exec-112] org.apache.catalina.core.StandardContext.reload Se ha completado la recarga de este Contexto
16-May-2022 19:29:13.484 INFORMACIÓN [http-nio-8081-exec-113] org.apache.catalina.startup.HostConfig.undeploy Repliegue (undeploy) de la aplicación web que tiene como trayectoria de contexto [/coffea/pages/index.jsp/pages/index.jsp]
16-May-2022 19:29:13.500 INFORMACIÓN [http-nio-8081-exec-114] org.apache.catalina.startup.HostConfig.deployDescriptor Desplieque del descriptor de configuración [C:\Users\aaguirrem\Desktop\proyectoCoffea\apache-tomcat-10.0.20\conf\Catalina\localhost\coffea#pages#index.jsp#pages#index.jsp.xml]
16-May-2022 19:29:13.501 ADVERTENCIA [http-nio-8081-exec-114] org.apache.catalina.startup.HostConfig.deployDescriptor The path attribute with value [/coffea/pages/index.jsp/pages/index.jsp] in deployment descriptor [C:\Users\aaguirrem\Desktop\proyectoCoffea\apache-tomcat-10.0.20\conf\Catalina\localhost\coffea#pages#index.jsp#pages#index.jsp.xml] has been ignored
16-May-2022 19:29:13.900 INFORMACIÓN [http-nio-8081-exec-114] org.apache.jasper.servlet.TldScanner.scanJars Al menos un JAR, que se ha explorado buscando TLDs, aún no contenía TLDs. Activar historial de depuración para este historiador para una completa lista de los JARs que fueron explorados y de los que nos se halló TLDs. Saltarse JARs no necesarios durante la exploración puede dar lugar a una mejora de tiempo significativa en el arranque y compilación de JSP .
16-May-2022 19:29:13.902 INFORMACIÓN [http-nio-8081-exec-114] org.apache.catalina.startup.HostConfig.deployDescriptor Deployment of deployment descriptor [C:\Users\aaguirrem\Desktop\proyectoCoffea\apache-tomcat-10.0.20\conf\Catalina\localhost\coffea#pages#index.jsp#pages#index.jsp.xml] has finished in [402] ms
16-May-2022 19:29:13.904 INFORMACIÓN [http-nio-8081-exec-119] org.apache.catalina.util.LifecycleBase.start The start() method was called on component [StandardEngine[Catalina].StandardHost[localhost].StandardContext[/coffea/pages/index.jsp/pages/index.jsp]] after start() had already been called. The second call will be ignored.
