12-May-2022 17:46:36.652 INFORMACIÓN [http-nio-8081-exec-4] org.apache.catalina.core.ApplicationContext.log Manager: init: Associated with Deployer 'Catalina:type=Deployer,host=localhost'
12-May-2022 17:46:36.652 INFORMACIÓN [http-nio-8081-exec-4] org.apache.catalina.core.ApplicationContext.log Manager: init: Global resources are available
12-May-2022 17:46:36.684 INFORMACIÓN [http-nio-8081-exec-7] org.apache.catalina.core.ApplicationContext.log Manager: list: Listing contexts for virtual host 'localhost'
12-May-2022 17:46:36.684 INFORMACIÓN [http-nio-8081-exec-8] org.apache.catalina.core.ApplicationContext.log Manager: list: Listing contexts for virtual host 'localhost'
12-May-2022 17:46:36.716 INFORMACIÓN [http-nio-8081-exec-10] org.apache.catalina.core.ApplicationContext.log Manager: install: Installing context configuration at 'file:/C:/Users/AAGUIR~1/AppData/Local/Temp/context3115472048767198419.xml'
12-May-2022 17:46:37.255 INFORMACIÓN [http-nio-8081-exec-9] org.apache.catalina.core.ApplicationContext.log Manager: start: Starting web application '/coffea'
12-May-2022 17:46:48.322 INFORMACIÓN [http-nio-8081-exec-6] org.apache.catalina.core.ApplicationContext.log Manager: list: Listing contexts for virtual host 'localhost'
12-May-2022 17:46:48.322 INFORMACIÓN [http-nio-8081-exec-2] org.apache.catalina.core.ApplicationContext.log Manager: list: Listing contexts for virtual host 'localhost'
12-May-2022 17:46:48.341 INFORMACIÓN [http-nio-8081-exec-4] org.apache.catalina.core.ApplicationContext.log Manager: undeploy: Undeploying web application at '/coffea'
12-May-2022 17:46:48.886 INFORMACIÓN [http-nio-8081-exec-9] org.apache.catalina.core.ApplicationContext.log Manager: install: Installing context configuration at 'file:/C:/Users/AAGUIR~1/AppData/Local/Temp/context5353675182853678993.xml'
12-May-2022 17:46:49.369 INFORMACIÓN [http-nio-8081-exec-6] org.apache.catalina.core.ApplicationContext.log Manager: start: Starting web application '/coffea'
12-May-2022 17:51:50.354 INFORMACIÓN [http-nio-8081-exec-4] org.apache.catalina.core.ApplicationContext.log Manager: init: Associated with Deployer 'Catalina:type=Deployer,host=localhost'
12-May-2022 17:51:50.354 INFORMACIÓN [http-nio-8081-exec-4] org.apache.catalina.core.ApplicationContext.log Manager: init: Global resources are available
12-May-2022 17:51:50.385 INFORMACIÓN [http-nio-8081-exec-7] org.apache.catalina.core.ApplicationContext.log Manager: list: Listing contexts for virtual host 'localhost'
12-May-2022 17:51:50.385 INFORMACIÓN [http-nio-8081-exec-9] org.apache.catalina.core.ApplicationContext.log Manager: list: Listing contexts for virtual host 'localhost'
12-May-2022 17:51:50.400 INFORMACIÓN [http-nio-8081-exec-10] org.apache.catalina.core.ApplicationContext.log Manager: undeploy: Undeploying web application at '/coffea'
12-May-2022 17:51:50.935 INFORMACIÓN [http-nio-8081-exec-9] org.apache.catalina.core.ApplicationContext.log Manager: install: Installing context configuration at 'file:/C:/Users/AAGUIR~1/AppData/Local/Temp/context8459631134034285575.xml'
12-May-2022 17:51:51.382 INFORMACIÓN [http-nio-8081-exec-5] org.apache.catalina.core.ApplicationContext.log Manager: start: Starting web application '/coffea'
12-May-2022 17:55:50.318 INFORMACIÓN [http-nio-8081-exec-19] org.apache.catalina.core.ApplicationContext.log Manager: list: Listing contexts for virtual host 'localhost'
12-May-2022 17:55:50.367 INFORMACIÓN [http-nio-8081-exec-12] org.apache.catalina.core.ApplicationContext.log Manager: restart: Reloading web application '/coffea'
12-May-2022 17:55:52.569 INFORMACIÓN [http-nio-8081-exec-18] org.apache.catalina.core.ApplicationContext.log Manager: list: Listing contexts for virtual host 'localhost'
12-May-2022 17:55:52.608 INFORMACIÓN [http-nio-8081-exec-19] org.apache.catalina.core.ApplicationContext.log Manager: restart: Reloading web application '/coffea'
12-May-2022 17:56:02.226 INFORMACIÓN [http-nio-8081-exec-11] org.apache.catalina.core.ApplicationContext.log Manager: list: Listing contexts for virtual host 'localhost'
12-May-2022 17:56:02.257 INFORMACIÓN [http-nio-8081-exec-15] org.apache.catalina.core.ApplicationContext.log Manager: restart: Reloading web application '/coffea'
12-May-2022 17:56:11.965 INFORMACIÓN [http-nio-8081-exec-19] org.apache.catalina.core.ApplicationContext.log Manager: list: Listing contexts for virtual host 'localhost'
12-May-2022 17:56:11.996 INFORMACIÓN [http-nio-8081-exec-18] org.apache.catalina.core.ApplicationContext.log Manager: restart: Reloading web application '/coffea'
12-May-2022 17:56:32.354 INFORMACIÓN [http-nio-8081-exec-24] org.apache.catalina.core.ApplicationContext.log Manager: list: Listing contexts for virtual host 'localhost'
12-May-2022 17:56:32.370 INFORMACIÓN [http-nio-8081-exec-15] org.apache.catalina.core.ApplicationContext.log Manager: restart: Reloading web application '/coffea'
12-May-2022 17:57:22.465 INFORMACIÓN [http-nio-8081-exec-24] org.apache.catalina.core.ApplicationContext.log Manager: list: Listing contexts for virtual host 'localhost'
12-May-2022 17:57:23.961 INFORMACIÓN [http-nio-8081-exec-24] org.apache.catalina.core.ApplicationContext.log Manager: list: Listing contexts for virtual host 'localhost'
12-May-2022 17:57:30.513 INFORMACIÓN [http-nio-8081-exec-16] org.apache.catalina.core.ApplicationContext.log Manager: list: Listing contexts for virtual host 'localhost'
12-May-2022 17:57:30.521 INFORMACIÓN [http-nio-8081-exec-24] org.apache.catalina.core.ApplicationContext.log Manager: list: Listing contexts for virtual host 'localhost'
12-May-2022 17:57:30.531 INFORMACIÓN [http-nio-8081-exec-27] org.apache.catalina.core.ApplicationContext.log Manager: undeploy: Undeploying web application at '/coffea'
12-May-2022 17:57:31.219 INFORMACIÓN [http-nio-8081-exec-16] org.apache.catalina.core.ApplicationContext.log Manager: install: Installing context configuration at 'file:/C:/Users/AAGUIR~1/AppData/Local/Temp/context7240051728271190830.xml'
12-May-2022 17:57:31.635 INFORMACIÓN [http-nio-8081-exec-23] org.apache.catalina.core.ApplicationContext.log Manager: start: Starting web application '/coffea'
12-May-2022 17:58:24.526 INFORMACIÓN [http-nio-8081-exec-34] org.apache.catalina.core.ApplicationContext.log Manager: list: Listing contexts for virtual host 'localhost'
12-May-2022 17:58:27.761 INFORMACIÓN [http-nio-8081-exec-23] org.apache.catalina.core.ApplicationContext.log Manager: list: Listing contexts for virtual host 'localhost'
12-May-2022 17:59:08.772 INFORMACIÓN [http-nio-8081-exec-33] org.apache.catalina.core.ApplicationContext.log Manager: list: Listing contexts for virtual host 'localhost'
12-May-2022 18:01:58.297 INFORMACIÓN [http-nio-8081-exec-36] org.apache.catalina.core.ApplicationContext.log Manager: list: Listing contexts for virtual host 'localhost'
12-May-2022 18:01:58.328 INFORMACIÓN [http-nio-8081-exec-31] org.apache.catalina.core.ApplicationContext.log Manager: restart: Reloading web application '/coffea'
12-May-2022 18:01:59.528 INFORMACIÓN [http-nio-8081-exec-35] org.apache.catalina.core.ApplicationContext.log Manager: list: Listing contexts for virtual host 'localhost'
12-May-2022 18:01:59.554 INFORMACIÓN [http-nio-8081-exec-37] org.apache.catalina.core.ApplicationContext.log Manager: restart: Reloading web application '/coffea'
12-May-2022 18:02:06.062 INFORMACIÓN [http-nio-8081-exec-35] org.apache.catalina.core.ApplicationContext.log Manager: list: Listing contexts for virtual host 'localhost'
12-May-2022 18:02:06.088 INFORMACIÓN [http-nio-8081-exec-33] org.apache.catalina.core.ApplicationContext.log Manager: restart: Reloading web application '/coffea'
12-May-2022 18:04:22.006 INFORMACIÓN [http-nio-8081-exec-44] org.apache.catalina.core.ApplicationContext.log Manager: list: Listing contexts for virtual host 'localhost'
12-May-2022 18:04:22.021 INFORMACIÓN [http-nio-8081-exec-30] org.apache.catalina.core.ApplicationContext.log Manager: restart: Reloading web application '/coffea'
12-May-2022 18:12:49.647 INFORMACIÓN [http-nio-8081-exec-48] org.apache.catalina.core.ApplicationContext.log Manager: list: Listing contexts for virtual host 'localhost'
12-May-2022 18:12:49.663 INFORMACIÓN [http-nio-8081-exec-53] org.apache.catalina.core.ApplicationContext.log Manager: list: Listing contexts for virtual host 'localhost'
12-May-2022 18:12:49.663 INFORMACIÓN [http-nio-8081-exec-51] org.apache.catalina.core.ApplicationContext.log Manager: undeploy: Undeploying web application at '/coffea'
12-May-2022 18:12:50.466 INFORMACIÓN [http-nio-8081-exec-53] org.apache.catalina.core.ApplicationContext.log Manager: install: Installing context configuration at 'file:/C:/Users/AAGUIR~1/AppData/Local/Temp/context2017038698980864250.xml'
12-May-2022 18:12:50.862 INFORMACIÓN [http-nio-8081-exec-50] org.apache.catalina.core.ApplicationContext.log Manager: start: Starting web application '/coffea'
12-May-2022 18:13:12.290 INFORMACIÓN [http-nio-8081-exec-48] org.apache.catalina.core.ApplicationContext.log Manager: list: Listing contexts for virtual host 'localhost'
12-May-2022 18:13:12.290 INFORMACIÓN [http-nio-8081-exec-55] org.apache.catalina.core.ApplicationContext.log Manager: list: Listing contexts for virtual host 'localhost'
12-May-2022 18:13:12.305 INFORMACIÓN [http-nio-8081-exec-60] org.apache.catalina.core.ApplicationContext.log Manager: undeploy: Undeploying web application at '/coffea'
12-May-2022 18:13:12.971 INFORMACIÓN [http-nio-8081-exec-48] org.apache.catalina.core.ApplicationContext.log Manager: install: Installing context configuration at 'file:/C:/Users/AAGUIR~1/AppData/Local/Temp/context2848454489402657666.xml'
12-May-2022 18:13:13.371 INFORMACIÓN [http-nio-8081-exec-57] org.apache.catalina.core.ApplicationContext.log Manager: start: Starting web application '/coffea'
12-May-2022 18:13:36.143 INFORMACIÓN [http-nio-8081-exec-66] org.apache.catalina.core.ApplicationContext.log Manager: list: Listing contexts for virtual host 'localhost'
12-May-2022 18:15:00.835 INFORMACIÓN [http-nio-8081-exec-65] org.apache.catalina.core.ApplicationContext.log Manager: list: Listing contexts for virtual host 'localhost'
12-May-2022 18:15:00.835 INFORMACIÓN [http-nio-8081-exec-70] org.apache.catalina.core.ApplicationContext.log Manager: list: Listing contexts for virtual host 'localhost'
12-May-2022 18:15:00.835 INFORMACIÓN [http-nio-8081-exec-64] org.apache.catalina.core.ApplicationContext.log Manager: undeploy: Undeploying web application at '/coffea'
12-May-2022 18:15:01.528 INFORMACIÓN [http-nio-8081-exec-67] org.apache.catalina.core.ApplicationContext.log Manager: install: Installing context configuration at 'file:/C:/Users/AAGUIR~1/AppData/Local/Temp/context4697719617678430514.xml'
12-May-2022 18:15:01.928 INFORMACIÓN [http-nio-8081-exec-68] org.apache.catalina.core.ApplicationContext.log Manager: start: Starting web application '/coffea'
12-May-2022 18:17:38.607 INFORMACIÓN [http-nio-8081-exec-73] org.apache.catalina.core.ApplicationContext.log Manager: list: Listing contexts for virtual host 'localhost'
12-May-2022 18:17:38.607 INFORMACIÓN [http-nio-8081-exec-77] org.apache.catalina.core.ApplicationContext.log Manager: list: Listing contexts for virtual host 'localhost'
12-May-2022 18:17:38.623 INFORMACIÓN [http-nio-8081-exec-79] org.apache.catalina.core.ApplicationContext.log Manager: undeploy: Undeploying web application at '/coffea'
12-May-2022 18:17:39.289 INFORMACIÓN [http-nio-8081-exec-76] org.apache.catalina.core.ApplicationContext.log Manager: install: Installing context configuration at 'file:/C:/Users/AAGUIR~1/AppData/Local/Temp/context7975448058224092415.xml'
12-May-2022 18:17:39.705 INFORMACIÓN [http-nio-8081-exec-77] org.apache.catalina.core.ApplicationContext.log Manager: start: Starting web application '/coffea'
12-May-2022 18:21:10.246 INFORMACIÓN [http-nio-8081-exec-82] org.apache.catalina.core.ApplicationContext.log Manager: list: Listing contexts for virtual host 'localhost'
12-May-2022 18:21:10.246 INFORMACIÓN [http-nio-8081-exec-85] org.apache.catalina.core.ApplicationContext.log Manager: list: Listing contexts for virtual host 'localhost'
12-May-2022 18:21:10.256 INFORMACIÓN [http-nio-8081-exec-86] org.apache.catalina.core.ApplicationContext.log Manager: undeploy: Undeploying web application at '/coffea'
12-May-2022 18:21:10.976 INFORMACIÓN [http-nio-8081-exec-81] org.apache.catalina.core.ApplicationContext.log Manager: install: Installing context configuration at 'file:/C:/Users/AAGUIR~1/AppData/Local/Temp/context5674848595059290868.xml'
12-May-2022 18:21:11.392 INFORMACIÓN [http-nio-8081-exec-88] org.apache.catalina.core.ApplicationContext.log Manager: start: Starting web application '/coffea'
12-May-2022 18:24:00.969 INFORMACIÓN [http-nio-8081-exec-92] org.apache.catalina.core.ApplicationContext.log Manager: list: Listing contexts for virtual host 'localhost'
12-May-2022 18:24:18.924 INFORMACIÓN [http-nio-8081-exec-99] org.apache.catalina.core.ApplicationContext.log Manager: list: Listing contexts for virtual host 'localhost'
12-May-2022 18:24:19.275 INFORMACIÓN [http-nio-8081-exec-97] org.apache.catalina.core.ApplicationContext.log Manager: list: Listing contexts for virtual host 'localhost'
12-May-2022 18:28:10.316 INFORMACIÓN [http-nio-8081-exec-95] org.apache.catalina.core.ApplicationContext.log Manager: list: Listing contexts for virtual host 'localhost'
12-May-2022 18:29:02.090 INFORMACIÓN [http-nio-8081-exec-93] org.apache.catalina.core.ApplicationContext.log Manager: list: Listing contexts for virtual host 'localhost'
12-May-2022 18:29:27.888 INFORMACIÓN [http-nio-8081-exec-92] org.apache.catalina.core.ApplicationContext.log Manager: list: Listing contexts for virtual host 'localhost'
12-May-2022 18:29:46.355 INFORMACIÓN [http-nio-8081-exec-99] org.apache.catalina.core.ApplicationContext.log Manager: list: Listing contexts for virtual host 'localhost'
12-May-2022 18:29:54.535 INFORMACIÓN [http-nio-8081-exec-94] org.apache.catalina.core.ApplicationContext.log Manager: list: Listing contexts for virtual host 'localhost'
12-May-2022 18:30:38.458 INFORMACIÓN [http-nio-8081-exec-98] org.apache.catalina.core.ApplicationContext.log Manager: list: Listing contexts for virtual host 'localhost'
12-May-2022 18:30:43.313 INFORMACIÓN [http-nio-8081-exec-97] org.apache.catalina.core.ApplicationContext.log Manager: list: Listing contexts for virtual host 'localhost'
12-May-2022 18:30:47.393 INFORMACIÓN [http-nio-8081-exec-96] org.apache.catalina.core.ApplicationContext.log Manager: list: Listing contexts for virtual host 'localhost'
12-May-2022 18:31:51.107 INFORMACIÓN [http-nio-8081-exec-90] org.apache.catalina.core.ApplicationContext.log Manager: list: Listing contexts for virtual host 'localhost'
12-May-2022 18:31:57.679 INFORMACIÓN [http-nio-8081-exec-98] org.apache.catalina.core.ApplicationContext.log Manager: list: Listing contexts for virtual host 'localhost'
12-May-2022 18:34:05.576 INFORMACIÓN [http-nio-8081-exec-92] org.apache.catalina.core.ApplicationContext.log Manager: list: Listing contexts for virtual host 'localhost'
12-May-2022 18:34:21.459 INFORMACIÓN [http-nio-8081-exec-95] org.apache.catalina.core.ApplicationContext.log Manager: list: Listing contexts for virtual host 'localhost'
12-May-2022 18:35:22.338 INFORMACIÓN [http-nio-8081-exec-90] org.apache.catalina.core.ApplicationContext.log Manager: list: Listing contexts for virtual host 'localhost'
12-May-2022 18:35:29.014 INFORMACIÓN [http-nio-8081-exec-98] org.apache.catalina.core.ApplicationContext.log Manager: list: Listing contexts for virtual host 'localhost'
12-May-2022 18:36:43.865 INFORMACIÓN [http-nio-8081-exec-93] org.apache.catalina.core.ApplicationContext.log Manager: list: Listing contexts for virtual host 'localhost'
12-May-2022 18:36:49.910 INFORMACIÓN [http-nio-8081-exec-98] org.apache.catalina.core.ApplicationContext.log Manager: list: Listing contexts for virtual host 'localhost'
12-May-2022 18:38:07.217 INFORMACIÓN [http-nio-8081-exec-95] org.apache.catalina.core.ApplicationContext.log Manager: list: Listing contexts for virtual host 'localhost'
12-May-2022 19:09:05.298 INFORMACIÓN [http-nio-8081-exec-96] org.apache.catalina.core.ApplicationContext.log Manager: list: Listing contexts for virtual host 'localhost'
12-May-2022 19:10:05.842 INFORMACIÓN [http-nio-8081-exec-97] org.apache.catalina.core.ApplicationContext.log Manager: list: Listing contexts for virtual host 'localhost'
12-May-2022 19:10:10.399 INFORMACIÓN [http-nio-8081-exec-94] org.apache.catalina.core.ApplicationContext.log Manager: list: Listing contexts for virtual host 'localhost'
12-May-2022 19:11:26.801 INFORMACIÓN [http-nio-8081-exec-95] org.apache.catalina.core.ApplicationContext.log Manager: list: Listing contexts for virtual host 'localhost'
12-May-2022 19:11:28.357 INFORMACIÓN [http-nio-8081-exec-94] org.apache.catalina.core.ApplicationContext.log Manager: list: Listing contexts for virtual host 'localhost'
12-May-2022 19:11:38.495 INFORMACIÓN [http-nio-8081-exec-90] org.apache.catalina.core.ApplicationContext.log Manager: list: Listing contexts for virtual host 'localhost'
12-May-2022 19:13:02.645 INFORMACIÓN [http-nio-8081-exec-99] org.apache.catalina.core.ApplicationContext.log Manager: list: Listing contexts for virtual host 'localhost'
12-May-2022 19:13:08.850 INFORMACIÓN [http-nio-8081-exec-90] org.apache.catalina.core.ApplicationContext.log Manager: list: Listing contexts for virtual host 'localhost'
12-May-2022 19:14:16.914 INFORMACIÓN [http-nio-8081-exec-93] org.apache.catalina.core.ApplicationContext.log Manager: list: Listing contexts for virtual host 'localhost'
12-May-2022 19:14:17.252 INFORMACIÓN [http-nio-8081-exec-98] org.apache.catalina.core.ApplicationContext.log Manager: list: Listing contexts for virtual host 'localhost'
12-May-2022 19:15:37.160 INFORMACIÓN [http-nio-8081-exec-99] org.apache.catalina.core.ApplicationContext.log Manager: list: Listing contexts for virtual host 'localhost'
12-May-2022 19:16:10.125 INFORMACIÓN [http-nio-8081-exec-96] org.apache.catalina.core.ApplicationContext.log Manager: list: Listing contexts for virtual host 'localhost'
12-May-2022 19:16:10.478 INFORMACIÓN [http-nio-8081-exec-99] org.apache.catalina.core.ApplicationContext.log Manager: list: Listing contexts for virtual host 'localhost'
12-May-2022 19:16:28.068 INFORMACIÓN [http-nio-8081-exec-90] org.apache.catalina.core.ApplicationContext.log Manager: list: Listing contexts for virtual host 'localhost'
12-May-2022 19:17:21.366 INFORMACIÓN [http-nio-8081-exec-97] org.apache.catalina.core.ApplicationContext.log Manager: list: Listing contexts for virtual host 'localhost'
12-May-2022 19:17:24.050 INFORMACIÓN [http-nio-8081-exec-93] org.apache.catalina.core.ApplicationContext.log Manager: list: Listing contexts for virtual host 'localhost'
12-May-2022 19:17:33.230 INFORMACIÓN [http-nio-8081-exec-90] org.apache.catalina.core.ApplicationContext.log Manager: list: Listing contexts for virtual host 'localhost'
12-May-2022 19:46:43.009 INFORMACIÓN [http-nio-8081-exec-96] org.apache.catalina.core.ApplicationContext.log Manager: list: Listing contexts for virtual host 'localhost'
12-May-2022 19:46:54.102 INFORMACIÓN [http-nio-8081-exec-96] org.apache.catalina.core.ApplicationContext.log Manager: list: Listing contexts for virtual host 'localhost'
12-May-2022 19:47:08.076 INFORMACIÓN [http-nio-8081-exec-97] org.apache.catalina.core.ApplicationContext.log Manager: list: Listing contexts for virtual host 'localhost'
12-May-2022 20:02:06.641 INFORMACIÓN [http-nio-8081-exec-99] org.apache.catalina.core.ApplicationContext.log Manager: list: Listing contexts for virtual host 'localhost'
12-May-2022 20:02:27.338 INFORMACIÓN [http-nio-8081-exec-98] org.apache.catalina.core.ApplicationContext.log Manager: list: Listing contexts for virtual host 'localhost'
12-May-2022 20:03:29.146 INFORMACIÓN [http-nio-8081-exec-96] org.apache.catalina.core.ApplicationContext.log Manager: list: Listing contexts for virtual host 'localhost'
12-May-2022 20:03:29.235 INFORMACIÓN [http-nio-8081-exec-97] org.apache.catalina.core.ApplicationContext.log Manager: list: Listing contexts for virtual host 'localhost'
12-May-2022 20:03:32.503 INFORMACIÓN [http-nio-8081-exec-93] org.apache.catalina.core.ApplicationContext.log Manager: list: Listing contexts for virtual host 'localhost'
12-May-2022 20:03:46.521 INFORMACIÓN [http-nio-8081-exec-92] org.apache.catalina.core.ApplicationContext.log Manager: list: Listing contexts for virtual host 'localhost'
12-May-2022 20:04:03.093 INFORMACIÓN [http-nio-8081-exec-90] org.apache.catalina.core.ApplicationContext.log Manager: list: Listing contexts for virtual host 'localhost'
12-May-2022 20:04:22.711 INFORMACIÓN [http-nio-8081-exec-98] org.apache.catalina.core.ApplicationContext.log Manager: list: Listing contexts for virtual host 'localhost'
12-May-2022 20:06:13.484 INFORMACIÓN [http-nio-8081-exec-97] org.apache.catalina.core.ApplicationContext.log Manager: list: Listing contexts for virtual host 'localhost'
12-May-2022 20:07:16.841 INFORMACIÓN [http-nio-8081-exec-95] org.apache.catalina.core.ApplicationContext.log Manager: list: Listing contexts for virtual host 'localhost'
12-May-2022 20:07:27.311 INFORMACIÓN [http-nio-8081-exec-96] org.apache.catalina.core.ApplicationContext.log Manager: list: Listing contexts for virtual host 'localhost'
12-May-2022 20:07:42.290 INFORMACIÓN [http-nio-8081-exec-97] org.apache.catalina.core.ApplicationContext.log Manager: list: Listing contexts for virtual host 'localhost'
12-May-2022 20:07:48.362 INFORMACIÓN [http-nio-8081-exec-90] org.apache.catalina.core.ApplicationContext.log Manager: list: Listing contexts for virtual host 'localhost'
12-May-2022 20:08:18.326 INFORMACIÓN [http-nio-8081-exec-90] org.apache.catalina.core.ApplicationContext.log Manager: list: Listing contexts for virtual host 'localhost'
12-May-2022 20:09:41.161 INFORMACIÓN [http-nio-8081-exec-91] org.apache.catalina.core.ApplicationContext.log Manager: list: Listing contexts for virtual host 'localhost'
12-May-2022 20:10:57.159 INFORMACIÓN [http-nio-8081-exec-92] org.apache.catalina.core.ApplicationContext.log Manager: list: Listing contexts for virtual host 'localhost'
12-May-2022 20:11:03.321 INFORMACIÓN [http-nio-8081-exec-95] org.apache.catalina.core.ApplicationContext.log Manager: list: Listing contexts for virtual host 'localhost'
12-May-2022 20:11:52.707 INFORMACIÓN [http-nio-8081-exec-90] org.apache.catalina.core.ApplicationContext.log Manager: list: Listing contexts for virtual host 'localhost'
12-May-2022 20:12:28.763 INFORMACIÓN [http-nio-8081-exec-99] org.apache.catalina.core.ApplicationContext.log Manager: list: Listing contexts for virtual host 'localhost'
12-May-2022 20:12:54.028 INFORMACIÓN [http-nio-8081-exec-97] org.apache.catalina.core.ApplicationContext.log Manager: list: Listing contexts for virtual host 'localhost'
12-May-2022 20:13:04.770 INFORMACIÓN [http-nio-8081-exec-98] org.apache.catalina.core.ApplicationContext.log Manager: list: Listing contexts for virtual host 'localhost'
12-May-2022 20:13:09.477 INFORMACIÓN [http-nio-8081-exec-99] org.apache.catalina.core.ApplicationContext.log Manager: list: Listing contexts for virtual host 'localhost'
12-May-2022 20:15:01.117 INFORMACIÓN [http-nio-8081-exec-90] org.apache.catalina.core.ApplicationContext.log Manager: list: Listing contexts for virtual host 'localhost'
12-May-2022 20:15:11.389 INFORMACIÓN [http-nio-8081-exec-94] org.apache.catalina.core.ApplicationContext.log Manager: list: Listing contexts for virtual host 'localhost'
12-May-2022 20:15:19.658 INFORMACIÓN [http-nio-8081-exec-95] org.apache.catalina.core.ApplicationContext.log Manager: list: Listing contexts for virtual host 'localhost'
12-May-2022 20:16:01.149 INFORMACIÓN [http-nio-8081-exec-90] org.apache.catalina.core.ApplicationContext.log Manager: list: Listing contexts for virtual host 'localhost'
12-May-2022 20:17:09.667 INFORMACIÓN [http-nio-8081-exec-91] org.apache.catalina.core.ApplicationContext.log Manager: list: Listing contexts for virtual host 'localhost'
12-May-2022 20:17:26.146 INFORMACIÓN [http-nio-8081-exec-92] org.apache.catalina.core.ApplicationContext.log Manager: list: Listing contexts for virtual host 'localhost'
12-May-2022 20:17:33.555 INFORMACIÓN [http-nio-8081-exec-96] org.apache.catalina.core.ApplicationContext.log Manager: list: Listing contexts for virtual host 'localhost'
12-May-2022 20:17:43.377 INFORMACIÓN [http-nio-8081-exec-94] org.apache.catalina.core.ApplicationContext.log Manager: list: Listing contexts for virtual host 'localhost'
12-May-2022 20:17:49.944 INFORMACIÓN [http-nio-8081-exec-92] org.apache.catalina.core.ApplicationContext.log Manager: list: Listing contexts for virtual host 'localhost'
12-May-2022 20:18:29.867 INFORMACIÓN [http-nio-8081-exec-96] org.apache.catalina.core.ApplicationContext.log Manager: list: Listing contexts for virtual host 'localhost'
12-May-2022 20:18:31.136 INFORMACIÓN [http-nio-8081-exec-92] org.apache.catalina.core.ApplicationContext.log Manager: list: Listing contexts for virtual host 'localhost'
12-May-2022 20:18:46.354 INFORMACIÓN [http-nio-8081-exec-96] org.apache.catalina.core.ApplicationContext.log Manager: list: Listing contexts for virtual host 'localhost'
12-May-2022 20:19:01.273 INFORMACIÓN [http-nio-8081-exec-91] org.apache.catalina.core.ApplicationContext.log Manager: list: Listing contexts for virtual host 'localhost'
12-May-2022 20:19:02.212 INFORMACIÓN [http-nio-8081-exec-95] org.apache.catalina.core.ApplicationContext.log Manager: list: Listing contexts for virtual host 'localhost'
12-May-2022 20:19:53.137 INFORMACIÓN [http-nio-8081-exec-94] org.apache.catalina.core.ApplicationContext.log Manager: list: Listing contexts for virtual host 'localhost'
12-May-2022 20:19:53.191 INFORMACIÓN [http-nio-8081-exec-91] org.apache.catalina.core.ApplicationContext.log Manager: restart: Reloading web application '/coffea'
12-May-2022 20:19:59.180 INFORMACIÓN [http-nio-8081-exec-93] org.apache.catalina.core.ApplicationContext.log Manager: list: Listing contexts for virtual host 'localhost'
12-May-2022 20:19:59.211 INFORMACIÓN [http-nio-8081-exec-97] org.apache.catalina.core.ApplicationContext.log Manager: restart: Reloading web application '/coffea'
12-May-2022 20:20:00.671 INFORMACIÓN [http-nio-8081-exec-101] org.apache.catalina.core.ApplicationContext.log Manager: list: Listing contexts for virtual host 'localhost'
12-May-2022 20:20:00.740 INFORMACIÓN [http-nio-8081-exec-100] org.apache.catalina.core.ApplicationContext.log Manager: restart: Reloading web application '/coffea'
12-May-2022 20:20:17.852 INFORMACIÓN [http-nio-8081-exec-94] org.apache.catalina.core.ApplicationContext.log Manager: list: Listing contexts for virtual host 'localhost'
12-May-2022 20:20:17.883 INFORMACIÓN [http-nio-8081-exec-93] org.apache.catalina.core.ApplicationContext.log Manager: restart: Reloading web application '/coffea'
12-May-2022 20:20:44.306 INFORMACIÓN [http-nio-8081-exec-95] org.apache.catalina.core.ApplicationContext.log Manager: list: Listing contexts for virtual host 'localhost'
12-May-2022 20:21:04.702 INFORMACIÓN [http-nio-8081-exec-96] org.apache.catalina.core.ApplicationContext.log Manager: list: Listing contexts for virtual host 'localhost'
12-May-2022 20:21:15.037 INFORMACIÓN [http-nio-8081-exec-101] org.apache.catalina.core.ApplicationContext.log Manager: list: Listing contexts for virtual host 'localhost'
12-May-2022 20:22:55.121 INFORMACIÓN [http-nio-8081-exec-5] org.apache.catalina.core.ApplicationContext.log Manager: init: Associated with Deployer 'Catalina:type=Deployer,host=localhost'
12-May-2022 20:22:55.121 INFORMACIÓN [http-nio-8081-exec-5] org.apache.catalina.core.ApplicationContext.log Manager: init: Global resources are available
12-May-2022 20:22:55.189 INFORMACIÓN [http-nio-8081-exec-8] org.apache.catalina.core.ApplicationContext.log Manager: list: Listing contexts for virtual host 'localhost'
12-May-2022 20:22:55.205 INFORMACIÓN [http-nio-8081-exec-9] org.apache.catalina.core.ApplicationContext.log Manager: list: Listing contexts for virtual host 'localhost'
12-May-2022 20:22:55.221 INFORMACIÓN [http-nio-8081-exec-10] org.apache.catalina.core.ApplicationContext.log Manager: undeploy: Undeploying web application at '/coffea'
12-May-2022 20:22:55.818 INFORMACIÓN [http-nio-8081-exec-9] org.apache.catalina.core.ApplicationContext.log Manager: install: Installing context configuration at 'file:/C:/Users/AAGUIR~1/AppData/Local/Temp/context7432623677335726650.xml'
12-May-2022 20:22:56.595 INFORMACIÓN [http-nio-8081-exec-4] org.apache.catalina.core.ApplicationContext.log Manager: start: Starting web application '/coffea'
12-May-2022 20:24:21.405 INFORMACIÓN [http-nio-8081-exec-12] org.apache.catalina.core.ApplicationContext.log Manager: list: Listing contexts for virtual host 'localhost'
12-May-2022 20:24:37.140 INFORMACIÓN [http-nio-8081-exec-16] org.apache.catalina.core.ApplicationContext.log Manager: list: Listing contexts for virtual host 'localhost'
12-May-2022 20:24:58.133 INFORMACIÓN [http-nio-8081-exec-14] org.apache.catalina.core.ApplicationContext.log Manager: list: Listing contexts for virtual host 'localhost'
12-May-2022 20:25:20.801 INFORMACIÓN [http-nio-8081-exec-12] org.apache.catalina.core.ApplicationContext.log Manager: list: Listing contexts for virtual host 'localhost'
12-May-2022 20:26:23.359 INFORMACIÓN [http-nio-8081-exec-16] org.apache.catalina.core.ApplicationContext.log Manager: list: Listing contexts for virtual host 'localhost'
12-May-2022 20:26:40.834 INFORMACIÓN [http-nio-8081-exec-14] org.apache.catalina.core.ApplicationContext.log Manager: list: Listing contexts for virtual host 'localhost'
12-May-2022 20:27:18.427 INFORMACIÓN [http-nio-8081-exec-19] org.apache.catalina.core.ApplicationContext.log Manager: list: Listing contexts for virtual host 'localhost'
12-May-2022 20:42:02.332 INFORMACIÓN [http-nio-8081-exec-19] org.apache.catalina.core.ApplicationContext.log Manager: list: Listing contexts for virtual host 'localhost'
12-May-2022 20:42:29.349 INFORMACIÓN [http-nio-8081-exec-20] org.apache.catalina.core.ApplicationContext.log Manager: list: Listing contexts for virtual host 'localhost'
12-May-2022 20:42:31.489 INFORMACIÓN [http-nio-8081-exec-18] org.apache.catalina.core.ApplicationContext.log Manager: list: Listing contexts for virtual host 'localhost'
12-May-2022 20:42:42.737 INFORMACIÓN [http-nio-8081-exec-19] org.apache.catalina.core.ApplicationContext.log Manager: list: Listing contexts for virtual host 'localhost'
12-May-2022 20:42:43.878 INFORMACIÓN [http-nio-8081-exec-18] org.apache.catalina.core.ApplicationContext.log Manager: list: Listing contexts for virtual host 'localhost'
12-May-2022 20:44:03.121 INFORMACIÓN [http-nio-8081-exec-19] org.apache.catalina.core.ApplicationContext.log Manager: list: Listing contexts for virtual host 'localhost'
12-May-2022 20:44:10.226 INFORMACIÓN [http-nio-8081-exec-14] org.apache.catalina.core.ApplicationContext.log Manager: list: Listing contexts for virtual host 'localhost'
12-May-2022 20:44:14.436 INFORMACIÓN [http-nio-8081-exec-12] org.apache.catalina.core.ApplicationContext.log Manager: list: Listing contexts for virtual host 'localhost'
12-May-2022 20:44:15.497 INFORMACIÓN [http-nio-8081-exec-16] org.apache.catalina.core.ApplicationContext.log Manager: list: Listing contexts for virtual host 'localhost'
12-May-2022 20:44:28.570 INFORMACIÓN [http-nio-8081-exec-11] org.apache.catalina.core.ApplicationContext.log Manager: list: Listing contexts for virtual host 'localhost'
12-May-2022 20:44:29.614 INFORMACIÓN [http-nio-8081-exec-16] org.apache.catalina.core.ApplicationContext.log Manager: list: Listing contexts for virtual host 'localhost'
12-May-2022 20:44:37.325 INFORMACIÓN [http-nio-8081-exec-11] org.apache.catalina.core.ApplicationContext.log Manager: list: Listing contexts for virtual host 'localhost'
12-May-2022 20:45:05.099 INFORMACIÓN [http-nio-8081-exec-12] org.apache.catalina.core.ApplicationContext.log Manager: list: Listing contexts for virtual host 'localhost'
12-May-2022 20:45:17.769 INFORMACIÓN [http-nio-8081-exec-11] org.apache.catalina.core.ApplicationContext.log Manager: list: Listing contexts for virtual host 'localhost'
12-May-2022 20:46:48.394 INFORMACIÓN [http-nio-8081-exec-15] org.apache.catalina.core.ApplicationContext.log Manager: list: Listing contexts for virtual host 'localhost'
12-May-2022 20:47:23.281 INFORMACIÓN [http-nio-8081-exec-12] org.apache.catalina.core.ApplicationContext.log Manager: list: Listing contexts for virtual host 'localhost'
12-May-2022 20:47:23.322 INFORMACIÓN [http-nio-8081-exec-18] org.apache.catalina.core.ApplicationContext.log Manager: restart: Reloading web application '/coffea'
12-May-2022 20:47:29.550 INFORMACIÓN [http-nio-8081-exec-14] org.apache.catalina.core.ApplicationContext.log Manager: list: Listing contexts for virtual host 'localhost'
12-May-2022 20:47:30.487 INFORMACIÓN [http-nio-8081-exec-16] org.apache.catalina.core.ApplicationContext.log Manager: list: Listing contexts for virtual host 'localhost'
12-May-2022 20:48:27.758 INFORMACIÓN [http-nio-8081-exec-22] org.apache.catalina.core.ApplicationContext.log Manager: list: Listing contexts for virtual host 'localhost'
12-May-2022 20:48:32.141 INFORMACIÓN [http-nio-8081-exec-21] org.apache.catalina.core.ApplicationContext.log Manager: list: Listing contexts for virtual host 'localhost'
12-May-2022 20:48:56.821 INFORMACIÓN [http-nio-8081-exec-12] org.apache.catalina.core.ApplicationContext.log Manager: list: Listing contexts for virtual host 'localhost'
12-May-2022 20:50:16.073 INFORMACIÓN [http-nio-8081-exec-24] org.apache.catalina.core.ApplicationContext.log Manager: list: Listing contexts for virtual host 'localhost'
12-May-2022 20:50:42.615 INFORMACIÓN [http-nio-8081-exec-12] org.apache.catalina.core.ApplicationContext.log Manager: list: Listing contexts for virtual host 'localhost'
12-May-2022 20:50:46.331 INFORMACIÓN [http-nio-8081-exec-28] org.apache.catalina.core.ApplicationContext.log Manager: list: Listing contexts for virtual host 'localhost'
12-May-2022 20:51:00.263 INFORMACIÓN [http-nio-8081-exec-22] org.apache.catalina.core.ApplicationContext.log Manager: list: Listing contexts for virtual host 'localhost'
12-May-2022 20:51:01.528 INFORMACIÓN [http-nio-8081-exec-25] org.apache.catalina.core.ApplicationContext.log Manager: list: Listing contexts for virtual host 'localhost'
12-May-2022 20:51:35.131 INFORMACIÓN [http-nio-8081-exec-21] org.apache.catalina.core.ApplicationContext.log Manager: list: Listing contexts for virtual host 'localhost'
12-May-2022 20:52:33.278 INFORMACIÓN [http-nio-8081-exec-27] org.apache.catalina.core.ApplicationContext.log Manager: list: Listing contexts for virtual host 'localhost'
12-May-2022 20:53:23.954 INFORMACIÓN [http-nio-8081-exec-29] org.apache.catalina.core.ApplicationContext.log Manager: list: Listing contexts for virtual host 'localhost'
12-May-2022 20:54:04.595 INFORMACIÓN [http-nio-8081-exec-25] org.apache.catalina.core.ApplicationContext.log Manager: list: Listing contexts for virtual host 'localhost'
12-May-2022 20:54:12.431 INFORMACIÓN [http-nio-8081-exec-30] org.apache.catalina.core.ApplicationContext.log Manager: list: Listing contexts for virtual host 'localhost'
12-May-2022 20:54:37.708 INFORMACIÓN [http-nio-8081-exec-28] org.apache.catalina.core.ApplicationContext.log Manager: list: Listing contexts for virtual host 'localhost'
12-May-2022 20:55:45.630 INFORMACIÓN [http-nio-8081-exec-29] org.apache.catalina.core.ApplicationContext.log Manager: list: Listing contexts for virtual host 'localhost'
12-May-2022 20:56:03.178 INFORMACIÓN [http-nio-8081-exec-25] org.apache.catalina.core.ApplicationContext.log Manager: list: Listing contexts for virtual host 'localhost'
12-May-2022 20:56:52.265 INFORMACIÓN [http-nio-8081-exec-27] org.apache.catalina.core.ApplicationContext.log Manager: list: Listing contexts for virtual host 'localhost'
12-May-2022 20:56:57.505 INFORMACIÓN [http-nio-8081-exec-23] org.apache.catalina.core.ApplicationContext.log Manager: list: Listing contexts for virtual host 'localhost'
12-May-2022 20:57:07.511 INFORMACIÓN [http-nio-8081-exec-26] org.apache.catalina.core.ApplicationContext.log Manager: list: Listing contexts for virtual host 'localhost'
12-May-2022 20:57:57.438 INFORMACIÓN [http-nio-8081-exec-30] org.apache.catalina.core.ApplicationContext.log Manager: list: Listing contexts for virtual host 'localhost'
12-May-2022 20:57:59.088 INFORMACIÓN [http-nio-8081-exec-27] org.apache.catalina.core.ApplicationContext.log Manager: list: Listing contexts for virtual host 'localhost'
12-May-2022 20:58:13.040 INFORMACIÓN [http-nio-8081-exec-25] org.apache.catalina.core.ApplicationContext.log Manager: list: Listing contexts for virtual host 'localhost'
12-May-2022 20:58:18.326 INFORMACIÓN [http-nio-8081-exec-30] org.apache.catalina.core.ApplicationContext.log Manager: list: Listing contexts for virtual host 'localhost'
12-May-2022 20:58:26.222 INFORMACIÓN [http-nio-8081-exec-23] org.apache.catalina.core.ApplicationContext.log Manager: list: Listing contexts for virtual host 'localhost'
12-May-2022 20:58:49.721 INFORMACIÓN [http-nio-8081-exec-30] org.apache.catalina.core.ApplicationContext.log Manager: list: Listing contexts for virtual host 'localhost'
12-May-2022 20:59:04.520 INFORMACIÓN [http-nio-8081-exec-28] org.apache.catalina.core.ApplicationContext.log Manager: list: Listing contexts for virtual host 'localhost'
12-May-2022 20:59:39.894 INFORMACIÓN [http-nio-8081-exec-28] org.apache.catalina.core.ApplicationContext.log Manager: list: Listing contexts for virtual host 'localhost'
12-May-2022 20:59:49.192 INFORMACIÓN [http-nio-8081-exec-23] org.apache.catalina.core.ApplicationContext.log Manager: list: Listing contexts for virtual host 'localhost'
12-May-2022 21:00:22.460 INFORMACIÓN [http-nio-8081-exec-30] org.apache.catalina.core.ApplicationContext.log Manager: list: Listing contexts for virtual host 'localhost'
12-May-2022 21:00:24.090 INFORMACIÓN [http-nio-8081-exec-26] org.apache.catalina.core.ApplicationContext.log Manager: list: Listing contexts for virtual host 'localhost'
